-------------------------------------------------------------------------------
Test set: com.hackerrank.eshopping.product.dashboard.controller.ProductsControllerTest
-------------------------------------------------------------------------------
Tests run: 17, Failures: 14, Errors: 0, Skipped: 0, Time elapsed: 7.714 s <<< FAILURE! - in com.hackerrank.eshopping.product.dashboard.controller.ProductsControllerTest
updateProductRetailPrice(com.hackerrank.eshopping.product.dashboard.controller.ProductsControllerTest)  Time elapsed: 0.135 s  <<< FAILURE!
java.lang.AssertionError: Status expected:<200> but was:<405>
	at com.hackerrank.eshopping.product.dashboard.controller.ProductsControllerTest.updateProductRetailPrice(ProductsControllerTest.java:589)

updateProductDiscountPrice(com.hackerrank.eshopping.product.dashboard.controller.ProductsControllerTest)  Time elapsed: 0.117 s  <<< FAILURE!
java.lang.AssertionError: Status expected:<200> but was:<405>
	at com.hackerrank.eshopping.product.dashboard.controller.ProductsControllerTest.updateProductDiscountPrice(ProductsControllerTest.java:619)

updateProductAvailability(com.hackerrank.eshopping.product.dashboard.controller.ProductsControllerTest)  Time elapsed: 0.107 s  <<< FAILURE!
java.lang.AssertionError: Status expected:<200> but was:<405>
	at com.hackerrank.eshopping.product.dashboard.controller.ProductsControllerTest.updateProductAvailability(ProductsControllerTest.java:649)

updateProductRetailAndDiscountPrice(com.hackerrank.eshopping.product.dashboard.controller.ProductsControllerTest)  Time elapsed: 0.097 s  <<< FAILURE!
java.lang.AssertionError: Status expected:<200> but was:<405>
	at com.hackerrank.eshopping.product.dashboard.controller.ProductsControllerTest.updateProductRetailAndDiscountPrice(ProductsControllerTest.java:679)

updateProductRetailPriceAndAvailability(com.hackerrank.eshopping.product.dashboard.controller.ProductsControllerTest)  Time elapsed: 0.132 s  <<< FAILURE!
java.lang.AssertionError: Status expected:<200> but was:<405>
	at com.hackerrank.eshopping.product.dashboard.controller.ProductsControllerTest.updateProductRetailPriceAndAvailability(ProductsControllerTest.java:709)

updateProductDiscountPriceAndAvailability(com.hackerrank.eshopping.product.dashboard.controller.ProductsControllerTest)  Time elapsed: 0.097 s  <<< FAILURE!
java.lang.AssertionError: Status expected:<200> but was:<405>
	at com.hackerrank.eshopping.product.dashboard.controller.ProductsControllerTest.updateProductDiscountPriceAndAvailability(ProductsControllerTest.java:739)

updateProductRetailPriceDiscountPriceAndAvailability(com.hackerrank.eshopping.product.dashboard.controller.ProductsControllerTest)  Time elapsed: 0.103 s  <<< FAILURE!
java.lang.AssertionError: Status expected:<200> but was:<405>
	at com.hackerrank.eshopping.product.dashboard.controller.ProductsControllerTest.updateProductRetailPriceDiscountPriceAndAvailability(ProductsControllerTest.java:769)

updateAvailabilityOfNonExistingProduct(com.hackerrank.eshopping.product.dashboard.controller.ProductsControllerTest)  Time elapsed: 0.09 s  <<< FAILURE!
java.lang.AssertionError: Status expected:<400> but was:<405>
	at com.hackerrank.eshopping.product.dashboard.controller.ProductsControllerTest.updateAvailabilityOfNonExistingProduct(ProductsControllerTest.java:799)

findProductById(com.hackerrank.eshopping.product.dashboard.controller.ProductsControllerTest)  Time elapsed: 0.076 s  <<< FAILURE!
java.lang.AssertionError
	at com.hackerrank.eshopping.product.dashboard.controller.ProductsControllerTest.findProductById(ProductsControllerTest.java:827)

findProductsByCategory(com.hackerrank.eshopping.product.dashboard.controller.ProductsControllerTest)  Time elapsed: 0.098 s  <<< FAILURE!
java.lang.AssertionError
	at com.hackerrank.eshopping.product.dashboard.controller.ProductsControllerTest.findProductsByCategory(ProductsControllerTest.java:924)

findProductsByNonExistingCategory(com.hackerrank.eshopping.product.dashboard.controller.ProductsControllerTest)  Time elapsed: 0.094 s  <<< FAILURE!
java.lang.AssertionError
	at com.hackerrank.eshopping.product.dashboard.controller.ProductsControllerTest.findProductsByNonExistingCategory(ProductsControllerTest.java:955)

findProductsByCategoryAndAvailability(com.hackerrank.eshopping.product.dashboard.controller.ProductsControllerTest)  Time elapsed: 0.103 s  <<< FAILURE!
java.lang.AssertionError
	at com.hackerrank.eshopping.product.dashboard.controller.ProductsControllerTest.findProductsByCategoryAndAvailability(ProductsControllerTest.java:1035)

findProductsByNonExistingCategoryAndAvailability(com.hackerrank.eshopping.product.dashboard.controller.ProductsControllerTest)  Time elapsed: 0.102 s  <<< FAILURE!
java.lang.AssertionError
	at com.hackerrank.eshopping.product.dashboard.controller.ProductsControllerTest.findProductsByNonExistingCategoryAndAvailability(ProductsControllerTest.java:1120)

findAllProducts(com.hackerrank.eshopping.product.dashboard.controller.ProductsControllerTest)  Time elapsed: 0.12 s  <<< FAILURE!
java.lang.AssertionError
	at com.hackerrank.eshopping.product.dashboard.controller.ProductsControllerTest.findAllProducts(ProductsControllerTest.java:1320)

