<?xml version="1.0" encoding="UTF-8"?>
<testsuite xmlns:xsi="http://www.w3.org/2001/XMLSchema-instance" xsi:noNamespaceSchemaLocation="https://maven.apache.org/surefire/maven-surefire-plugin/xsd/surefire-test-report.xsd" name="com.hackerrank.eshopping.product.dashboard.controller.ProductsControllerTest" time="6.442" tests="1" errors="0" skipped="0" failures="1">
  <properties>
[...]
</properties>
  <testcase name="createProduct" classname="com.hackerrank.eshopping.product.dashboard.controller.ProductsControllerTest" time="5.713">
    <failure message="Status expected:&lt;201&gt; but was:&lt;404&gt;" type="java.lang.AssertionError"><![CDATA[java.lang.AssertionError: Status expected:<201> but was:<404>
	at com.hackerrank.eshopping.product.dashboard.controller.ProductsControllerTest.createProduct(ProductsControllerTest.java:66)
]]></failure>
    <system-out><![CDATA[14:41:18.712 [main] DEBUG org.springframework.test.context.junit4.rules.SpringClassRule - Applying SpringClassRule to test class [com.hackerrank.eshopping.product.dashboard.controller.ProductsControllerTest]
14:41:18.725 [main] DEBUG org.springframework.test.context.BootstrapUtils - Instantiating CacheAwareContextLoaderDelegate from class [org.springframework.test.context.cache.DefaultCacheAwareContextLoaderDelegate]
14:41:18.745 [main] DEBUG org.springframework.test.context.BootstrapUtils - Instantiating BootstrapContext using constructor [public org.springframework.test.context.support.DefaultBootstrapContext(java.lang.Class,org.springframework.test.context.CacheAwareContextLoaderDelegate)]
14:41:18.784 [main] DEBUG org.springframework.test.context.BootstrapUtils - Instantiating TestContextBootstrapper for test class [com.hackerrank.eshopping.product.dashboard.controller.ProductsControllerTest] from class [org.springframework.boot.test.context.SpringBootTestContextBootstrapper]
14:41:18.802 [main] INFO org.springframework.boot.test.context.SpringBootTestContextBootstrapper - Neither @ContextConfiguration nor @ContextHierarchy found for test class [com.hackerrank.eshopping.product.dashboard.controller.ProductsControllerTest], using SpringBootContextLoader
14:41:18.807 [main] DEBUG org.springframework.test.context.support.AbstractContextLoader - Did not detect default resource location for test class [com.hackerrank.eshopping.product.dashboard.controller.ProductsControllerTest]: class path resource [com/hackerrank/eshopping/product/dashboard/controller/ProductsControllerTest-context.xml] does not exist
14:41:18.807 [main] DEBUG org.springframework.test.context.support.AbstractContextLoader - Did not detect default resource location for test class [com.hackerrank.eshopping.product.dashboard.controller.ProductsControllerTest]: class path resource [com/hackerrank/eshopping/product/dashboard/controller/ProductsControllerTestContext.groovy] does not exist
14:41:18.808 [main] INFO org.springframework.test.context.support.AbstractContextLoader - Could not detect default resource locations for test class [com.hackerrank.eshopping.product.dashboard.controller.ProductsControllerTest]: no resource found for suffixes {-context.xml, Context.groovy}.
14:41:18.809 [main] INFO org.springframework.test.context.support.AnnotationConfigContextLoaderUtils - Could not detect default configuration classes for test class [com.hackerrank.eshopping.product.dashboard.controller.ProductsControllerTest]: ProductsControllerTest does not declare any static, non-private, non-final, nested classes annotated with @Configuration.
14:41:18.886 [main] DEBUG org.springframework.test.context.support.ActiveProfilesUtils - Could not find an 'annotation declaring class' for annotation type [org.springframework.test.context.ActiveProfiles] and class [com.hackerrank.eshopping.product.dashboard.controller.ProductsControllerTest]
14:41:19.010 [main] DEBUG org.springframework.context.annotation.ClassPathScanningCandidateComponentProvider - Identified candidate component class: file [/Users/dthomas/Desktop/sols/e-shopping-product-dashboard/target/classes/com/hackerrank/eshopping/product/dashboard/Application.class]
14:41:19.013 [main] INFO org.springframework.boot.test.context.SpringBootTestContextBootstrapper - Found @SpringBootConfiguration com.hackerrank.eshopping.product.dashboard.Application for test class com.hackerrank.eshopping.product.dashboard.controller.ProductsControllerTest
14:41:19.148 [main] DEBUG org.springframework.boot.test.context.SpringBootTestContextBootstrapper - @TestExecutionListeners is not present for class [com.hackerrank.eshopping.product.dashboard.controller.ProductsControllerTest]: using defaults.
14:41:19.148 [main] INFO org.springframework.boot.test.context.SpringBootTestContextBootstrapper - Loaded default TestExecutionListener class names from location [META-INF/spring.factories]: [org.springframework.test.context.web.ServletTestExecutionListener, org.springframework.test.context.support.DirtiesContextBeforeModesTestExecutionListener, org.springframework.test.context.support.DependencyInjectionTestExecutionListener, org.springframework.test.context.support.DirtiesContextTestExecutionListener, org.springframework.test.context.transaction.TransactionalTestExecutionListener, org.springframework.test.context.jdbc.SqlScriptsTestExecutionListener, org.springframework.boot.test.mock.mockito.MockitoTestExecutionListener, org.springframework.boot.test.mock.mockito.ResetMocksTestExecutionListener, org.springframework.boot.test.autoconfigure.restdocs.RestDocsTestExecutionListener, org.springframework.boot.test.autoconfigure.web.client.MockRestServiceServerResetTestExecutionListener, org.springframework.boot.test.autoconfigure.web.servlet.MockMvcPrintOnlyOnFailureTestExecutionListener, org.springframework.boot.test.autoconfigure.web.servlet.WebDriverTestExecutionListener]
14:41:19.172 [main] INFO org.springframework.boot.test.context.SpringBootTestContextBootstrapper - Using TestExecutionListeners: [org.springframework.test.context.web.ServletTestExecutionListener@7586beff, org.springframework.test.context.support.DirtiesContextBeforeModesTestExecutionListener@3b69e7d1, org.springframework.boot.test.mock.mockito.MockitoTestExecutionListener@815b41f, org.springframework.boot.test.autoconfigure.SpringBootDependencyInjectionTestExecutionListener@5542c4ed, org.springframework.test.context.support.DirtiesContextTestExecutionListener@1573f9fc, org.springframework.test.context.transaction.TransactionalTestExecutionListener@6150c3ec, org.springframework.test.context.jdbc.SqlScriptsTestExecutionListener@44c03695, org.springframework.boot.test.mock.mockito.ResetMocksTestExecutionListener@7e6f74c, org.springframework.boot.test.autoconfigure.restdocs.RestDocsTestExecutionListener@dd05255, org.springframework.boot.test.autoconfigure.web.client.MockRestServiceServerResetTestExecutionListener@6a78afa0, org.springframework.boot.test.autoconfigure.web.servlet.MockMvcPrintOnlyOnFailureTestExecutionListener@2f4948e4, org.springframework.boot.test.autoconfigure.web.servlet.WebDriverTestExecutionListener@1f2586d6]
14:41:19.176 [main] DEBUG org.springframework.test.annotation.ProfileValueUtils - Retrieved @ProfileValueSourceConfiguration [null] for test class [com.hackerrank.eshopping.product.dashboard.controller.ProductsControllerTest]
14:41:19.176 [main] DEBUG org.springframework.test.annotation.ProfileValueUtils - Retrieved ProfileValueSource type [class org.springframework.test.annotation.SystemProfileValueSource] for class [com.hackerrank.eshopping.product.dashboard.controller.ProductsControllerTest]
14:41:19.181 [main] DEBUG org.springframework.test.context.support.AbstractDirtiesContextTestExecutionListener - Before test class: context [DefaultTestContext@74e52ef6 testClass = ProductsControllerTest, testInstance = [null], testMethod = [null], testException = [null], mergedContextConfiguration = [WebMergedContextConfiguration@6ed3ccb2 testClass = ProductsControllerTest, locations = '{}', classes = '{class com.hackerrank.eshopping.product.dashboard.Application}', contextInitializerClasses = '[]', activeProfiles = '{}', propertySourceLocations = '{}', propertySourceProperties = '{org.springframework.boot.test.context.SpringBootTestContextBootstrapper=true}', contextCustomizers = set[[ImportsContextCustomizer@1a677343 key = [org.springframework.boot.test.autoconfigure.web.servlet.MockMvcAutoConfiguration, org.springframework.boot.test.autoconfigure.web.servlet.MockMvcSecurityAutoConfiguration, org.springframework.boot.test.autoconfigure.web.servlet.MockMvcWebClientAutoConfiguration, org.springframework.boot.test.autoconfigure.web.servlet.MockMvcWebDriverAutoConfiguration]], org.springframework.boot.test.context.filter.ExcludeFilterContextCustomizer@134593bf, org.springframework.boot.test.json.DuplicateJsonObjectContextCustomizerFactory$DuplicateJsonObjectContextCustomizer@2f8f5f62, org.springframework.boot.test.mock.mockito.MockitoContextCustomizer@0, org.springframework.boot.test.web.client.TestRestTemplateContextCustomizer@1ad282e0, org.springframework.boot.test.autoconfigure.properties.PropertyMappingContextCustomizer@e7e8512, org.springframework.boot.test.autoconfigure.web.servlet.WebDriverContextCustomizerFactory$Customizer@130f889], resourceBasePath = 'src/main/webapp', contextLoader = 'org.springframework.boot.test.context.SpringBootContextLoader', parent = [null]], attributes = map['org.springframework.test.context.web.ServletTestExecutionListener.activateListener' -> true]], class annotated with @DirtiesContext [false] with mode [null].
14:41:19.186 [main] DEBUG org.springframework.test.context.junit4.rules.SpringMethodRule - Applying SpringMethodRule to test method [public void com.hackerrank.eshopping.product.dashboard.controller.ProductsControllerTest.createProduct() throws java.lang.Exception]
14:41:19.189 [main] DEBUG org.springframework.test.annotation.ProfileValueUtils - Retrieved @ProfileValueSourceConfiguration [null] for test class [com.hackerrank.eshopping.product.dashboard.controller.ProductsControllerTest]
14:41:19.189 [main] DEBUG org.springframework.test.annotation.ProfileValueUtils - Retrieved ProfileValueSource type [class org.springframework.test.annotation.SystemProfileValueSource] for class [com.hackerrank.eshopping.product.dashboard.controller.ProductsControllerTest]
14:41:19.221 [main] DEBUG org.springframework.test.context.support.TestPropertySourceUtils - Adding inlined properties to environment: {spring.jmx.enabled=false, org.springframework.boot.test.context.SpringBootTestContextBootstrapper=true, server.port=-1}

  .   ____          _            __ _ _
 /\\ / ___'_ __ _ _(_)_ __  __ _ \ \ \ \
( ( )\___ | '_ | '_| | '_ \/ _` | \ \ \ \
 \\/  ___)| |_)| | | | | || (_| |  ) ) ) )
  '  |____| .__|_| |_|_| |_\__, | / / / /
 =========|_|==============|___/=/_/_/_/
 :: Spring Boot ::        (v2.1.0.RELEASE)

2020-01-19 14:41:19.592  INFO 87497 --- [           main] c.h.e.p.d.c.ProductsControllerTest       : Starting ProductsControllerTest on cyclone.srcc.lsu.edu with PID 87497 (started by dthomas in /Users/dthomas/Desktop/sols/e-shopping-product-dashboard)
2020-01-19 14:41:19.595  INFO 87497 --- [           main] c.h.e.p.d.c.ProductsControllerTest       : No active profile set, falling back to default profiles: default
2020-01-19 14:41:20.584  INFO 87497 --- [           main] .s.d.r.c.RepositoryConfigurationDelegate : Bootstrapping Spring Data repositories in DEFAULT mode.
2020-01-19 14:41:20.619  INFO 87497 --- [           main] .s.d.r.c.RepositoryConfigurationDelegate : Finished Spring Data repository scanning in 24ms. Found 0 repository interfaces.
2020-01-19 14:41:21.228  INFO 87497 --- [           main] trationDelegate$BeanPostProcessorChecker : Bean 'org.springframework.transaction.annotation.ProxyTransactionManagementConfiguration' of type [org.springframework.transaction.annotation.ProxyTransactionManagementConfiguration$$EnhancerBySpringCGLIB$$59094093] is not eligible for getting processed by all BeanPostProcessors (for example: not eligible for auto-proxying)
2020-01-19 14:41:21.329  INFO 87497 --- [           main] o.s.j.d.e.EmbeddedDatabaseFactory        : Starting embedded database: url='jdbc:h2:mem:testdb;DB_CLOSE_DELAY=-1;DB_CLOSE_ON_EXIT=false', username='sa'
2020-01-19 14:41:21.780  INFO 87497 --- [           main] o.hibernate.jpa.internal.util.LogHelper  : HHH000204: Processing PersistenceUnitInfo [
	name: default
	...]
2020-01-19 14:41:21.946  INFO 87497 --- [           main] org.hibernate.Version                    : HHH000412: Hibernate Core {5.3.7.Final}
2020-01-19 14:41:21.948  INFO 87497 --- [           main] org.hibernate.cfg.Environment            : HHH000206: hibernate.properties not found
2020-01-19 14:41:22.140  INFO 87497 --- [           main] o.hibernate.annotations.common.Version   : HCANN000001: Hibernate Commons Annotations {5.0.4.Final}
2020-01-19 14:41:22.354  INFO 87497 --- [           main] org.hibernate.dialect.Dialect            : HHH000400: Using dialect: org.hibernate.dialect.H2Dialect
2020-01-19 14:41:22.688  INFO 87497 --- [           main] o.h.t.schema.internal.SchemaCreatorImpl  : HHH000476: Executing import script 'org.hibernate.tool.schema.internal.exec.ScriptSourceInputNonExistentImpl@2b0b7e5a'
2020-01-19 14:41:22.691  INFO 87497 --- [           main] j.LocalContainerEntityManagerFactoryBean : Initialized JPA EntityManagerFactory for persistence unit 'default'
2020-01-19 14:41:23.620  INFO 87497 --- [           main] o.s.s.concurrent.ThreadPoolTaskExecutor  : Initializing ExecutorService 'applicationTaskExecutor'
2020-01-19 14:41:23.741  WARN 87497 --- [           main] aWebConfiguration$JpaWebMvcConfiguration : spring.jpa.open-in-view is enabled by default. Therefore, database queries may be performed during view rendering. Explicitly configure spring.jpa.open-in-view to disable this warning
2020-01-19 14:41:24.457  INFO 87497 --- [           main] o.s.b.t.m.w.SpringBootMockServletContext : Initializing Spring TestDispatcherServlet ''
2020-01-19 14:41:24.457  INFO 87497 --- [           main] o.s.t.web.servlet.TestDispatcherServlet  : Initializing Servlet ''
2020-01-19 14:41:24.488  INFO 87497 --- [           main] o.s.t.web.servlet.TestDispatcherServlet  : Completed initialization in 31 ms
2020-01-19 14:41:24.560  INFO 87497 --- [           main] c.h.e.p.d.c.ProductsControllerTest       : Started ProductsControllerTest in 5.324 seconds (JVM running for 6.498)

MockHttpServletRequest:
      HTTP Method = POST
      Request URI = /products
       Parameters = {}
          Headers = {Content-Type=[application/json;charset=UTF-8]}
             Body = {"id": 1, "name": "Dressing Gown", "category": "Full Body Outfits", "retail_price": 303.0, "discounted_price": 251.49, "availability": true}
    Session Attrs = {}

Handler:
             Type = org.springframework.web.servlet.resource.ResourceHttpRequestHandler

Async:
    Async started = false
     Async result = null

Resolved Exception:
             Type = null

ModelAndView:
        View name = null
             View = null
            Model = null

FlashMap:
       Attributes = null

MockHttpServletResponse:
           Status = 404
    Error message = null
          Headers = {}
     Content type = null
             Body = 
    Forwarded URL = null
   Redirected URL = null
          Cookies = []
]]></system-out>
  </testcase>
</testsuite>