<?xml version="1.0" encoding="UTF-8"?>
<testsuite xmlns:xsi="http://www.w3.org/2001/XMLSchema-instance" xsi:noNamespaceSchemaLocation="https://maven.apache.org/surefire/maven-surefire-plugin/xsd/surefire-test-report.xsd" name="com.hackerrank.eshopping.product.dashboard.controller.ProductsControllerTest" time="7.714" tests="17" errors="0" skipped="0" failures="14">
  <properties>
[...]
</properties>
  <testcase name="createProduct" classname="com.hackerrank.eshopping.product.dashboard.controller.ProductsControllerTest" time="5.188"/>
  <testcase name="createProductWithExistingId" classname="com.hackerrank.eshopping.product.dashboard.controller.ProductsControllerTest" time="0.005"/>
  <testcase name="updateProductRetailPrice" classname="com.hackerrank.eshopping.product.dashboard.controller.ProductsControllerTest" time="0.135">
    <failure message="Status expected:&lt;200&gt; but was:&lt;405&gt;" type="java.lang.AssertionError"><![CDATA[java.lang.AssertionError: Status expected:<200> but was:<405>
	at com.hackerrank.eshopping.product.dashboard.controller.ProductsControllerTest.updateProductRetailPrice(ProductsControllerTest.java:589)
]]></failure>
    <system-out><![CDATA[2020-01-19 20:14:49.847  WARN 39416 --- [           main] .w.s.m.s.DefaultHandlerExceptionResolver : Resolved [org.springframework.web.HttpRequestMethodNotSupportedException: Request method 'PUT' not supported]

MockHttpServletRequest:
      HTTP Method = POST
      Request URI = /products
       Parameters = {}
          Headers = {Content-Type=[application/json;charset=UTF-8]}
             Body = {"id": 1, "name": "Dressing Gown", "category": "Full Body Outfits", "retail_price": 303.0, "discounted_price": 251.49, "availability": true}
    Session Attrs = {}

Handler:
             Type = com.hackerrank.eshopping.product.dashboard.controller.ProductsController
           Method = public org.springframework.http.ResponseEntity<?> com.hackerrank.eshopping.product.dashboard.controller.ProductsController.createProduct(com.hackerrank.eshopping.product.dashboard.model.Product)

Async:
    Async started = false
     Async result = null

Resolved Exception:
             Type = null

ModelAndView:
        View name = null
             View = null
            Model = null

FlashMap:
       Attributes = null

MockHttpServletResponse:
           Status = 201
    Error message = null
          Headers = {Content-Type=[application/json;charset=UTF-8]}
     Content type = application/json;charset=UTF-8
             Body = {"id":1,"name":"Dressing Gown","category":"Full Body Outfits","availability":true,"retailPrice":null,"discountedPrice":null}
    Forwarded URL = null
   Redirected URL = null
          Cookies = []

MockHttpServletRequest:
      HTTP Method = POST
      Request URI = /products
       Parameters = {}
          Headers = {Content-Type=[application/json;charset=UTF-8]}
             Body = {"id": 2, "name": "Shoes", "category": "Footwear", "retail_price": 150.0, "discounted_price": 123.0, "availability": true}
    Session Attrs = {}

Handler:
             Type = com.hackerrank.eshopping.product.dashboard.controller.ProductsController
           Method = public org.springframework.http.ResponseEntity<?> com.hackerrank.eshopping.product.dashboard.controller.ProductsController.createProduct(com.hackerrank.eshopping.product.dashboard.model.Product)

Async:
    Async started = false
     Async result = null

Resolved Exception:
             Type = null

ModelAndView:
        View name = null
             View = null
            Model = null

FlashMap:
       Attributes = null

MockHttpServletResponse:
           Status = 201
    Error message = null
          Headers = {Content-Type=[application/json;charset=UTF-8]}
     Content type = application/json;charset=UTF-8
             Body = {"id":2,"name":"Shoes","category":"Footwear","availability":true,"retailPrice":null,"discountedPrice":null}
    Forwarded URL = null
   Redirected URL = null
          Cookies = []

MockHttpServletRequest:
      HTTP Method = POST
      Request URI = /products
       Parameters = {}
          Headers = {Content-Type=[application/json;charset=UTF-8]}
             Body = {"id": 3, "name": "Nightgown", "category": "Full Body Outfits", "retail_price": 307.0, "discounted_price": 254.81, "availability": true}
    Session Attrs = {}

Handler:
             Type = com.hackerrank.eshopping.product.dashboard.controller.ProductsController
           Method = public org.springframework.http.ResponseEntity<?> com.hackerrank.eshopping.product.dashboard.controller.ProductsController.createProduct(com.hackerrank.eshopping.product.dashboard.model.Product)

Async:
    Async started = false
     Async result = null

Resolved Exception:
             Type = null

ModelAndView:
        View name = null
             View = null
            Model = null

FlashMap:
       Attributes = null

MockHttpServletResponse:
           Status = 201
    Error message = null
          Headers = {Content-Type=[application/json;charset=UTF-8]}
     Content type = application/json;charset=UTF-8
             Body = {"id":3,"name":"Nightgown","category":"Full Body Outfits","availability":true,"retailPrice":null,"discountedPrice":null}
    Forwarded URL = null
   Redirected URL = null
          Cookies = []

MockHttpServletRequest:
      HTTP Method = POST
      Request URI = /products
       Parameters = {}
          Headers = {Content-Type=[application/json;charset=UTF-8]}
             Body = {"id": 4, "name": "Boots", "category": "Footwear", "retail_price": 162.0, "discounted_price": 132.84, "availability": true}
    Session Attrs = {}

Handler:
             Type = com.hackerrank.eshopping.product.dashboard.controller.ProductsController
           Method = public org.springframework.http.ResponseEntity<?> com.hackerrank.eshopping.product.dashboard.controller.ProductsController.createProduct(com.hackerrank.eshopping.product.dashboard.model.Product)

Async:
    Async started = false
     Async result = null

Resolved Exception:
             Type = null

ModelAndView:
        View name = null
             View = null
            Model = null

FlashMap:
       Attributes = null

MockHttpServletResponse:
           Status = 201
    Error message = null
          Headers = {Content-Type=[application/json;charset=UTF-8]}
     Content type = application/json;charset=UTF-8
             Body = {"id":4,"name":"Boots","category":"Footwear","availability":true,"retailPrice":null,"discountedPrice":null}
    Forwarded URL = null
   Redirected URL = null
          Cookies = []

MockHttpServletRequest:
      HTTP Method = POST
      Request URI = /products
       Parameters = {}
          Headers = {Content-Type=[application/json;charset=UTF-8]}
             Body = {"id": 5, "name": "Ball Gown", "category": "Full Body Outfits", "retail_price": 337.0, "discounted_price": 272.97, "availability": true}
    Session Attrs = {}

Handler:
             Type = com.hackerrank.eshopping.product.dashboard.controller.ProductsController
           Method = public org.springframework.http.ResponseEntity<?> com.hackerrank.eshopping.product.dashboard.controller.ProductsController.createProduct(com.hackerrank.eshopping.product.dashboard.model.Product)

Async:
    Async started = false
     Async result = null

Resolved Exception:
             Type = null

ModelAndView:
        View name = null
             View = null
            Model = null

FlashMap:
       Attributes = null

MockHttpServletResponse:
           Status = 201
    Error message = null
          Headers = {Content-Type=[application/json;charset=UTF-8]}
     Content type = application/json;charset=UTF-8
             Body = {"id":5,"name":"Ball Gown","category":"Full Body Outfits","availability":true,"retailPrice":null,"discountedPrice":null}
    Forwarded URL = null
   Redirected URL = null
          Cookies = []

MockHttpServletRequest:
      HTTP Method = POST
      Request URI = /products
       Parameters = {}
          Headers = {Content-Type=[application/json;charset=UTF-8]}
             Body = {"id": 6, "name": "Shawl", "category": "Accessories", "retail_price": 283.0, "discounted_price": 260.36, "availability": true}
    Session Attrs = {}

Handler:
             Type = com.hackerrank.eshopping.product.dashboard.controller.ProductsController
           Method = public org.springframework.http.ResponseEntity<?> com.hackerrank.eshopping.product.dashboard.controller.ProductsController.createProduct(com.hackerrank.eshopping.product.dashboard.model.Product)

Async:
    Async started = false
     Async result = null

Resolved Exception:
             Type = null

ModelAndView:
        View name = null
             View = null
            Model = null

FlashMap:
       Attributes = null

MockHttpServletResponse:
           Status = 201
    Error message = null
          Headers = {Content-Type=[application/json;charset=UTF-8]}
     Content type = application/json;charset=UTF-8
             Body = {"id":6,"name":"Shawl","category":"Accessories","availability":true,"retailPrice":null,"discountedPrice":null}
    Forwarded URL = null
   Redirected URL = null
          Cookies = []

MockHttpServletRequest:
      HTTP Method = POST
      Request URI = /products
       Parameters = {}
          Headers = {Content-Type=[application/json;charset=UTF-8]}
             Body = {"id": 7, "name": "Belt", "category": "Accessories", "retail_price": 471.0, "discounted_price": 419.19, "availability": true}
    Session Attrs = {}

Handler:
             Type = com.hackerrank.eshopping.product.dashboard.controller.ProductsController
           Method = public org.springframework.http.ResponseEntity<?> com.hackerrank.eshopping.product.dashboard.controller.ProductsController.createProduct(com.hackerrank.eshopping.product.dashboard.model.Product)

Async:
    Async started = false
     Async result = null

Resolved Exception:
             Type = null

ModelAndView:
        View name = null
             View = null
            Model = null

FlashMap:
       Attributes = null

MockHttpServletResponse:
           Status = 201
    Error message = null
          Headers = {Content-Type=[application/json;charset=UTF-8]}
     Content type = application/json;charset=UTF-8
             Body = {"id":7,"name":"Belt","category":"Accessories","availability":true,"retailPrice":null,"discountedPrice":null}
    Forwarded URL = null
   Redirected URL = null
          Cookies = []

MockHttpServletRequest:
      HTTP Method = POST
      Request URI = /products
       Parameters = {}
          Headers = {Content-Type=[application/json;charset=UTF-8]}
             Body = {"id": 8, "name": "Kaftan", "category": "Accessories", "retail_price": 237.0, "discounted_price": 215.67, "availability": true}
    Session Attrs = {}

Handler:
             Type = com.hackerrank.eshopping.product.dashboard.controller.ProductsController
           Method = public org.springframework.http.ResponseEntity<?> com.hackerrank.eshopping.product.dashboard.controller.ProductsController.createProduct(com.hackerrank.eshopping.product.dashboard.model.Product)

Async:
    Async started = false
     Async result = null

Resolved Exception:
             Type = null

ModelAndView:
        View name = null
             View = null
            Model = null

FlashMap:
       Attributes = null

MockHttpServletResponse:
           Status = 201
    Error message = null
          Headers = {Content-Type=[application/json;charset=UTF-8]}
     Content type = application/json;charset=UTF-8
             Body = {"id":8,"name":"Kaftan","category":"Accessories","availability":true,"retailPrice":null,"discountedPrice":null}
    Forwarded URL = null
   Redirected URL = null
          Cookies = []

MockHttpServletRequest:
      HTTP Method = POST
      Request URI = /products
       Parameters = {}
          Headers = {Content-Type=[application/json;charset=UTF-8]}
             Body = {"id": 9, "name": "Overalls", "category": "Full Body Outfits", "retail_price": 374.0, "discounted_price": 321.64, "availability": true}
    Session Attrs = {}

Handler:
             Type = com.hackerrank.eshopping.product.dashboard.controller.ProductsController
           Method = public org.springframework.http.ResponseEntity<?> com.hackerrank.eshopping.product.dashboard.controller.ProductsController.createProduct(com.hackerrank.eshopping.product.dashboard.model.Product)

Async:
    Async started = false
     Async result = null

Resolved Exception:
             Type = null

ModelAndView:
        View name = null
             View = null
            Model = null

FlashMap:
       Attributes = null

MockHttpServletResponse:
           Status = 201
    Error message = null
          Headers = {Content-Type=[application/json;charset=UTF-8]}
     Content type = application/json;charset=UTF-8
             Body = {"id":9,"name":"Overalls","category":"Full Body Outfits","availability":true,"retailPrice":null,"discountedPrice":null}
    Forwarded URL = null
   Redirected URL = null
          Cookies = []

MockHttpServletRequest:
      HTTP Method = POST
      Request URI = /products
       Parameters = {}
          Headers = {Content-Type=[application/json;charset=UTF-8]}
             Body = {"id": 10, "name": "Cufflinks", "category": "Accessories", "retail_price": 284.0, "discounted_price": 247.08, "availability": true}
    Session Attrs = {}

Handler:
             Type = com.hackerrank.eshopping.product.dashboard.controller.ProductsController
           Method = public org.springframework.http.ResponseEntity<?> com.hackerrank.eshopping.product.dashboard.controller.ProductsController.createProduct(com.hackerrank.eshopping.product.dashboard.model.Product)

Async:
    Async started = false
     Async result = null

Resolved Exception:
             Type = null

ModelAndView:
        View name = null
             View = null
            Model = null

FlashMap:
       Attributes = null

MockHttpServletResponse:
           Status = 201
    Error message = null
          Headers = {Content-Type=[application/json;charset=UTF-8]}
     Content type = application/json;charset=UTF-8
             Body = {"id":10,"name":"Cufflinks","category":"Accessories","availability":true,"retailPrice":null,"discountedPrice":null}
    Forwarded URL = null
   Redirected URL = null
          Cookies = []

MockHttpServletRequest:
      HTTP Method = POST
      Request URI = /products
       Parameters = {}
          Headers = {Content-Type=[application/json;charset=UTF-8]}
             Body = {"id": 11, "name": "Cargos", "category": "Bottoms", "retail_price": 498.0, "discounted_price": 428.28, "availability": true}
    Session Attrs = {}

Handler:
             Type = com.hackerrank.eshopping.product.dashboard.controller.ProductsController
           Method = public org.springframework.http.ResponseEntity<?> com.hackerrank.eshopping.product.dashboard.controller.ProductsController.createProduct(com.hackerrank.eshopping.product.dashboard.model.Product)

Async:
    Async started = false
     Async result = null

Resolved Exception:
             Type = null

ModelAndView:
        View name = null
             View = null
            Model = null

FlashMap:
       Attributes = null

MockHttpServletResponse:
           Status = 201
    Error message = null
          Headers = {Content-Type=[application/json;charset=UTF-8]}
     Content type = application/json;charset=UTF-8
             Body = {"id":11,"name":"Cargos","category":"Bottoms","availability":true,"retailPrice":null,"discountedPrice":null}
    Forwarded URL = null
   Redirected URL = null
          Cookies = []

MockHttpServletRequest:
      HTTP Method = POST
      Request URI = /products
       Parameters = {}
          Headers = {Content-Type=[application/json;charset=UTF-8]}
             Body = {"id": 12, "name": "Poncho", "category": "Accessories", "retail_price": 280.0, "discounted_price": 224.7, "availability": true}
    Session Attrs = {}

Handler:
             Type = com.hackerrank.eshopping.product.dashboard.controller.ProductsController
           Method = public org.springframework.http.ResponseEntity<?> com.hackerrank.eshopping.product.dashboard.controller.ProductsController.createProduct(com.hackerrank.eshopping.product.dashboard.model.Product)

Async:
    Async started = false
     Async result = null

Resolved Exception:
             Type = null

ModelAndView:
        View name = null
             View = null
            Model = null

FlashMap:
       Attributes = null

MockHttpServletResponse:
           Status = 201
    Error message = null
          Headers = {Content-Type=[application/json;charset=UTF-8]}
     Content type = application/json;charset=UTF-8
             Body = {"id":12,"name":"Poncho","category":"Accessories","availability":true,"retailPrice":null,"discountedPrice":null}
    Forwarded URL = null
   Redirected URL = null
          Cookies = []

MockHttpServletRequest:
      HTTP Method = POST
      Request URI = /products
       Parameters = {}
          Headers = {Content-Type=[application/json;charset=UTF-8]}
             Body = {"id": 13, "name": "Cummerbund", "category": "Accessories", "retail_price": 435.0, "discounted_price": 400.2, "availability": true}
    Session Attrs = {}

Handler:
             Type = com.hackerrank.eshopping.product.dashboard.controller.ProductsController
           Method = public org.springframework.http.ResponseEntity<?> com.hackerrank.eshopping.product.dashboard.controller.ProductsController.createProduct(com.hackerrank.eshopping.product.dashboard.model.Product)

Async:
    Async started = false
     Async result = null

Resolved Exception:
             Type = null

ModelAndView:
        View name = null
             View = null
            Model = null

FlashMap:
       Attributes = null

MockHttpServletResponse:
           Status = 201
    Error message = null
          Headers = {Content-Type=[application/json;charset=UTF-8]}
     Content type = application/json;charset=UTF-8
             Body = {"id":13,"name":"Cummerbund","category":"Accessories","availability":true,"retailPrice":null,"discountedPrice":null}
    Forwarded URL = null
   Redirected URL = null
          Cookies = []

MockHttpServletRequest:
      HTTP Method = POST
      Request URI = /products
       Parameters = {}
          Headers = {Content-Type=[application/json;charset=UTF-8]}
             Body = {"id": 14, "name": "Dress", "category": "Full Body Outfits", "retail_price": 175.0, "discounted_price": 140.0, "availability": true}
    Session Attrs = {}

Handler:
             Type = com.hackerrank.eshopping.product.dashboard.controller.ProductsController
           Method = public org.springframework.http.ResponseEntity<?> com.hackerrank.eshopping.product.dashboard.controller.ProductsController.createProduct(com.hackerrank.eshopping.product.dashboard.model.Product)

Async:
    Async started = false
     Async result = null

Resolved Exception:
             Type = null

ModelAndView:
        View name = null
             View = null
            Model = null

FlashMap:
       Attributes = null

MockHttpServletResponse:
           Status = 201
    Error message = null
          Headers = {Content-Type=[application/json;charset=UTF-8]}
     Content type = application/json;charset=UTF-8
             Body = {"id":14,"name":"Dress","category":"Full Body Outfits","availability":true,"retailPrice":null,"discountedPrice":null}
    Forwarded URL = null
   Redirected URL = null
          Cookies = []

MockHttpServletRequest:
      HTTP Method = POST
      Request URI = /products
       Parameters = {}
          Headers = {Content-Type=[application/json;charset=UTF-8]}
             Body = {"id": 15, "name": "Trainers", "category": "Footwear", "retail_price": 228.0, "discounted_price": 184.68, "availability": true}
    Session Attrs = {}

Handler:
             Type = com.hackerrank.eshopping.product.dashboard.controller.ProductsController
           Method = public org.springframework.http.ResponseEntity<?> com.hackerrank.eshopping.product.dashboard.controller.ProductsController.createProduct(com.hackerrank.eshopping.product.dashboard.model.Product)

Async:
    Async started = false
     Async result = null

Resolved Exception:
             Type = null

ModelAndView:
        View name = null
             View = null
            Model = null

FlashMap:
       Attributes = null

MockHttpServletResponse:
           Status = 201
    Error message = null
          Headers = {Content-Type=[application/json;charset=UTF-8]}
     Content type = application/json;charset=UTF-8
             Body = {"id":15,"name":"Trainers","category":"Footwear","availability":true,"retailPrice":null,"discountedPrice":null}
    Forwarded URL = null
   Redirected URL = null
          Cookies = []

MockHttpServletRequest:
      HTTP Method = POST
      Request URI = /products
       Parameters = {}
          Headers = {Content-Type=[application/json;charset=UTF-8]}
             Body = {"id": 16, "name": "Tracksuit", "category": "Full Body Outfits", "retail_price": 471.0, "discounted_price": 423.9, "availability": false}
    Session Attrs = {}

Handler:
             Type = com.hackerrank.eshopping.product.dashboard.controller.ProductsController
           Method = public org.springframework.http.ResponseEntity<?> com.hackerrank.eshopping.product.dashboard.controller.ProductsController.createProduct(com.hackerrank.eshopping.product.dashboard.model.Product)

Async:
    Async started = false
     Async result = null

Resolved Exception:
             Type = null

ModelAndView:
        View name = null
             View = null
            Model = null

FlashMap:
       Attributes = null

MockHttpServletResponse:
           Status = 201
    Error message = null
          Headers = {Content-Type=[application/json;charset=UTF-8]}
     Content type = application/json;charset=UTF-8
             Body = {"id":16,"name":"Tracksuit","category":"Full Body Outfits","availability":false,"retailPrice":null,"discountedPrice":null}
    Forwarded URL = null
   Redirected URL = null
          Cookies = []

MockHttpServletRequest:
      HTTP Method = POST
      Request URI = /products
       Parameters = {}
          Headers = {Content-Type=[application/json;charset=UTF-8]}
             Body = {"id": 17, "name": "Tailcoat", "category": "Full Body Outfits", "retail_price": 307.0, "discounted_price": 254.81, "availability": true}
    Session Attrs = {}

Handler:
             Type = com.hackerrank.eshopping.product.dashboard.controller.ProductsController
           Method = public org.springframework.http.ResponseEntity<?> com.hackerrank.eshopping.product.dashboard.controller.ProductsController.createProduct(com.hackerrank.eshopping.product.dashboard.model.Product)

Async:
    Async started = false
     Async result = null

Resolved Exception:
             Type = null

ModelAndView:
        View name = null
             View = null
            Model = null

FlashMap:
       Attributes = null

MockHttpServletResponse:
           Status = 201
    Error message = null
          Headers = {Content-Type=[application/json;charset=UTF-8]}
     Content type = application/json;charset=UTF-8
             Body = {"id":17,"name":"Tailcoat","category":"Full Body Outfits","availability":true,"retailPrice":null,"discountedPrice":null}
    Forwarded URL = null
   Redirected URL = null
          Cookies = []

MockHttpServletRequest:
      HTTP Method = POST
      Request URI = /products
       Parameters = {}
          Headers = {Content-Type=[application/json;charset=UTF-8]}
             Body = {"id": 18, "name": "Vest", "category": "Tops", "retail_price": 446.0, "discounted_price": 392.48, "availability": true}
    Session Attrs = {}

Handler:
             Type = com.hackerrank.eshopping.product.dashboard.controller.ProductsController
           Method = public org.springframework.http.ResponseEntity<?> com.hackerrank.eshopping.product.dashboard.controller.ProductsController.createProduct(com.hackerrank.eshopping.product.dashboard.model.Product)

Async:
    Async started = false
     Async result = null

Resolved Exception:
             Type = null

ModelAndView:
        View name = null
             View = null
            Model = null

FlashMap:
       Attributes = null

MockHttpServletResponse:
           Status = 201
    Error message = null
          Headers = {Content-Type=[application/json;charset=UTF-8]}
     Content type = application/json;charset=UTF-8
             Body = {"id":18,"name":"Vest","category":"Tops","availability":true,"retailPrice":null,"discountedPrice":null}
    Forwarded URL = null
   Redirected URL = null
          Cookies = []

MockHttpServletRequest:
      HTTP Method = POST
      Request URI = /products
       Parameters = {}
          Headers = {Content-Type=[application/json;charset=UTF-8]}
             Body = {"id": 19, "name": "Suit", "category": "Full Body Outfits", "retail_price": 158.0, "discounted_price": 135.88, "availability": true}
    Session Attrs = {}

Handler:
             Type = com.hackerrank.eshopping.product.dashboard.controller.ProductsController
           Method = public org.springframework.http.ResponseEntity<?> com.hackerrank.eshopping.product.dashboard.controller.ProductsController.createProduct(com.hackerrank.eshopping.product.dashboard.model.Product)

Async:
    Async started = false
     Async result = null

Resolved Exception:
             Type = null

ModelAndView:
        View name = null
             View = null
            Model = null

FlashMap:
       Attributes = null

MockHttpServletResponse:
           Status = 201
    Error message = null
          Headers = {Content-Type=[application/json;charset=UTF-8]}
     Content type = application/json;charset=UTF-8
             Body = {"id":19,"name":"Suit","category":"Full Body Outfits","availability":true,"retailPrice":null,"discountedPrice":null}
    Forwarded URL = null
   Redirected URL = null
          Cookies = []

MockHttpServletRequest:
      HTTP Method = POST
      Request URI = /products
       Parameters = {}
          Headers = {Content-Type=[application/json;charset=UTF-8]}
             Body = {"id": 20, "name": "Catsuit", "category": "Full Body Outfits", "retail_price": 158.0, "discounted_price": 135.88, "availability": true}
    Session Attrs = {}

Handler:
             Type = com.hackerrank.eshopping.product.dashboard.controller.ProductsController
           Method = public org.springframework.http.ResponseEntity<?> com.hackerrank.eshopping.product.dashboard.controller.ProductsController.createProduct(com.hackerrank.eshopping.product.dashboard.model.Product)

Async:
    Async started = false
     Async result = null

Resolved Exception:
             Type = null

ModelAndView:
        View name = null
             View = null
            Model = null

FlashMap:
       Attributes = null

MockHttpServletResponse:
           Status = 201
    Error message = null
          Headers = {Content-Type=[application/json;charset=UTF-8]}
     Content type = application/json;charset=UTF-8
             Body = {"id":20,"name":"Catsuit","category":"Full Body Outfits","availability":true,"retailPrice":null,"discountedPrice":null}
    Forwarded URL = null
   Redirected URL = null
          Cookies = []

MockHttpServletRequest:
      HTTP Method = POST
      Request URI = /products
       Parameters = {}
          Headers = {Content-Type=[application/json;charset=UTF-8]}
             Body = {"id": 21, "name": "Dungarees", "category": "Full Body Outfits", "retail_price": 437.0, "discounted_price": 362.71, "availability": false}
    Session Attrs = {}

Handler:
             Type = com.hackerrank.eshopping.product.dashboard.controller.ProductsController
           Method = public org.springframework.http.ResponseEntity<?> com.hackerrank.eshopping.product.dashboard.controller.ProductsController.createProduct(com.hackerrank.eshopping.product.dashboard.model.Product)

Async:
    Async started = false
     Async result = null

Resolved Exception:
             Type = null

ModelAndView:
        View name = null
             View = null
            Model = null

FlashMap:
       Attributes = null

MockHttpServletResponse:
           Status = 201
    Error message = null
          Headers = {Content-Type=[application/json;charset=UTF-8]}
     Content type = application/json;charset=UTF-8
             Body = {"id":21,"name":"Dungarees","category":"Full Body Outfits","availability":false,"retailPrice":null,"discountedPrice":null}
    Forwarded URL = null
   Redirected URL = null
          Cookies = []

MockHttpServletRequest:
      HTTP Method = POST
      Request URI = /products
       Parameters = {}
          Headers = {Content-Type=[application/json;charset=UTF-8]}
             Body = {"id": 1, "name": "Dressing Gown", "category": "Underwear", "retail_price": 303.0, "discounted_price": 251.49, "availability": true}
    Session Attrs = {}

Handler:
             Type = com.hackerrank.eshopping.product.dashboard.controller.ProductsController
           Method = public org.springframework.http.ResponseEntity<?> com.hackerrank.eshopping.product.dashboard.controller.ProductsController.createProduct(com.hackerrank.eshopping.product.dashboard.model.Product)

Async:
    Async started = false
     Async result = null

Resolved Exception:
             Type = null

ModelAndView:
        View name = null
             View = null
            Model = null

FlashMap:
       Attributes = null

MockHttpServletResponse:
           Status = 400
    Error message = null
          Headers = {Content-Type=[application/json;charset=UTF-8]}
     Content type = application/json;charset=UTF-8
             Body = {"errorMessage":"Unable to create. A Product with id 1 already exist."}
    Forwarded URL = null
   Redirected URL = null
          Cookies = []

MockHttpServletRequest:
      HTTP Method = PUT
      Request URI = /products/6
       Parameters = {}
          Headers = {Content-Type=[application/json;charset=UTF-8]}
             Body = {"retail_price": 325.45, "discounted_price": 260.36, "availability": true}
    Session Attrs = {}

Handler:
             Type = null

Async:
    Async started = false
     Async result = null

Resolved Exception:
             Type = org.springframework.web.HttpRequestMethodNotSupportedException

ModelAndView:
        View name = null
             View = null
            Model = null

FlashMap:
       Attributes = null

MockHttpServletResponse:
           Status = 405
    Error message = Request method 'PUT' not supported
          Headers = {Allow=[GET]}
     Content type = null
             Body = 
    Forwarded URL = null
   Redirected URL = null
          Cookies = []
]]></system-out>
  </testcase>
  <testcase name="updateProductDiscountPrice" classname="com.hackerrank.eshopping.product.dashboard.controller.ProductsControllerTest" time="0.117">
    <failure message="Status expected:&lt;200&gt; but was:&lt;405&gt;" type="java.lang.AssertionError"><![CDATA[java.lang.AssertionError: Status expected:<200> but was:<405>
	at com.hackerrank.eshopping.product.dashboard.controller.ProductsControllerTest.updateProductDiscountPrice(ProductsControllerTest.java:619)
]]></failure>
    <system-out><![CDATA[2020-01-19 20:14:49.871  WARN 39416 --- [           main] .w.s.m.s.DefaultHandlerExceptionResolver : Resolved [org.springframework.web.HttpRequestMethodNotSupportedException: Request method 'PUT' not supported]

MockHttpServletRequest:
      HTTP Method = POST
      Request URI = /products
       Parameters = {}
          Headers = {Content-Type=[application/json;charset=UTF-8]}
             Body = {"id": 1, "name": "Dressing Gown", "category": "Full Body Outfits", "retail_price": 303.0, "discounted_price": 251.49, "availability": true}
    Session Attrs = {}

Handler:
             Type = com.hackerrank.eshopping.product.dashboard.controller.ProductsController
           Method = public org.springframework.http.ResponseEntity<?> com.hackerrank.eshopping.product.dashboard.controller.ProductsController.createProduct(com.hackerrank.eshopping.product.dashboard.model.Product)

Async:
    Async started = false
     Async result = null

Resolved Exception:
             Type = null

ModelAndView:
        View name = null
             View = null
            Model = null

FlashMap:
       Attributes = null

MockHttpServletResponse:
           Status = 201
    Error message = null
          Headers = {Content-Type=[application/json;charset=UTF-8]}
     Content type = application/json;charset=UTF-8
             Body = {"id":1,"name":"Dressing Gown","category":"Full Body Outfits","availability":true,"retailPrice":null,"discountedPrice":null}
    Forwarded URL = null
   Redirected URL = null
          Cookies = []

MockHttpServletRequest:
      HTTP Method = POST
      Request URI = /products
       Parameters = {}
          Headers = {Content-Type=[application/json;charset=UTF-8]}
             Body = {"id": 2, "name": "Shoes", "category": "Footwear", "retail_price": 150.0, "discounted_price": 123.0, "availability": true}
    Session Attrs = {}

Handler:
             Type = com.hackerrank.eshopping.product.dashboard.controller.ProductsController
           Method = public org.springframework.http.ResponseEntity<?> com.hackerrank.eshopping.product.dashboard.controller.ProductsController.createProduct(com.hackerrank.eshopping.product.dashboard.model.Product)

Async:
    Async started = false
     Async result = null

Resolved Exception:
             Type = null

ModelAndView:
        View name = null
             View = null
            Model = null

FlashMap:
       Attributes = null

MockHttpServletResponse:
           Status = 201
    Error message = null
          Headers = {Content-Type=[application/json;charset=UTF-8]}
     Content type = application/json;charset=UTF-8
             Body = {"id":2,"name":"Shoes","category":"Footwear","availability":true,"retailPrice":null,"discountedPrice":null}
    Forwarded URL = null
   Redirected URL = null
          Cookies = []

MockHttpServletRequest:
      HTTP Method = POST
      Request URI = /products
       Parameters = {}
          Headers = {Content-Type=[application/json;charset=UTF-8]}
             Body = {"id": 3, "name": "Nightgown", "category": "Full Body Outfits", "retail_price": 307.0, "discounted_price": 254.81, "availability": true}
    Session Attrs = {}

Handler:
             Type = com.hackerrank.eshopping.product.dashboard.controller.ProductsController
           Method = public org.springframework.http.ResponseEntity<?> com.hackerrank.eshopping.product.dashboard.controller.ProductsController.createProduct(com.hackerrank.eshopping.product.dashboard.model.Product)

Async:
    Async started = false
     Async result = null

Resolved Exception:
             Type = null

ModelAndView:
        View name = null
             View = null
            Model = null

FlashMap:
       Attributes = null

MockHttpServletResponse:
           Status = 201
    Error message = null
          Headers = {Content-Type=[application/json;charset=UTF-8]}
     Content type = application/json;charset=UTF-8
             Body = {"id":3,"name":"Nightgown","category":"Full Body Outfits","availability":true,"retailPrice":null,"discountedPrice":null}
    Forwarded URL = null
   Redirected URL = null
          Cookies = []

MockHttpServletRequest:
      HTTP Method = POST
      Request URI = /products
       Parameters = {}
          Headers = {Content-Type=[application/json;charset=UTF-8]}
             Body = {"id": 4, "name": "Boots", "category": "Footwear", "retail_price": 162.0, "discounted_price": 132.84, "availability": true}
    Session Attrs = {}

Handler:
             Type = com.hackerrank.eshopping.product.dashboard.controller.ProductsController
           Method = public org.springframework.http.ResponseEntity<?> com.hackerrank.eshopping.product.dashboard.controller.ProductsController.createProduct(com.hackerrank.eshopping.product.dashboard.model.Product)

Async:
    Async started = false
     Async result = null

Resolved Exception:
             Type = null

ModelAndView:
        View name = null
             View = null
            Model = null

FlashMap:
       Attributes = null

MockHttpServletResponse:
           Status = 201
    Error message = null
          Headers = {Content-Type=[application/json;charset=UTF-8]}
     Content type = application/json;charset=UTF-8
             Body = {"id":4,"name":"Boots","category":"Footwear","availability":true,"retailPrice":null,"discountedPrice":null}
    Forwarded URL = null
   Redirected URL = null
          Cookies = []

MockHttpServletRequest:
      HTTP Method = POST
      Request URI = /products
       Parameters = {}
          Headers = {Content-Type=[application/json;charset=UTF-8]}
             Body = {"id": 5, "name": "Ball Gown", "category": "Full Body Outfits", "retail_price": 337.0, "discounted_price": 272.97, "availability": true}
    Session Attrs = {}

Handler:
             Type = com.hackerrank.eshopping.product.dashboard.controller.ProductsController
           Method = public org.springframework.http.ResponseEntity<?> com.hackerrank.eshopping.product.dashboard.controller.ProductsController.createProduct(com.hackerrank.eshopping.product.dashboard.model.Product)

Async:
    Async started = false
     Async result = null

Resolved Exception:
             Type = null

ModelAndView:
        View name = null
             View = null
            Model = null

FlashMap:
       Attributes = null

MockHttpServletResponse:
           Status = 201
    Error message = null
          Headers = {Content-Type=[application/json;charset=UTF-8]}
     Content type = application/json;charset=UTF-8
             Body = {"id":5,"name":"Ball Gown","category":"Full Body Outfits","availability":true,"retailPrice":null,"discountedPrice":null}
    Forwarded URL = null
   Redirected URL = null
          Cookies = []

MockHttpServletRequest:
      HTTP Method = POST
      Request URI = /products
       Parameters = {}
          Headers = {Content-Type=[application/json;charset=UTF-8]}
             Body = {"id": 6, "name": "Shawl", "category": "Accessories", "retail_price": 283.0, "discounted_price": 260.36, "availability": true}
    Session Attrs = {}

Handler:
             Type = com.hackerrank.eshopping.product.dashboard.controller.ProductsController
           Method = public org.springframework.http.ResponseEntity<?> com.hackerrank.eshopping.product.dashboard.controller.ProductsController.createProduct(com.hackerrank.eshopping.product.dashboard.model.Product)

Async:
    Async started = false
     Async result = null

Resolved Exception:
             Type = null

ModelAndView:
        View name = null
             View = null
            Model = null

FlashMap:
       Attributes = null

MockHttpServletResponse:
           Status = 201
    Error message = null
          Headers = {Content-Type=[application/json;charset=UTF-8]}
     Content type = application/json;charset=UTF-8
             Body = {"id":6,"name":"Shawl","category":"Accessories","availability":true,"retailPrice":null,"discountedPrice":null}
    Forwarded URL = null
   Redirected URL = null
          Cookies = []

MockHttpServletRequest:
      HTTP Method = POST
      Request URI = /products
       Parameters = {}
          Headers = {Content-Type=[application/json;charset=UTF-8]}
             Body = {"id": 7, "name": "Belt", "category": "Accessories", "retail_price": 471.0, "discounted_price": 419.19, "availability": true}
    Session Attrs = {}

Handler:
             Type = com.hackerrank.eshopping.product.dashboard.controller.ProductsController
           Method = public org.springframework.http.ResponseEntity<?> com.hackerrank.eshopping.product.dashboard.controller.ProductsController.createProduct(com.hackerrank.eshopping.product.dashboard.model.Product)

Async:
    Async started = false
     Async result = null

Resolved Exception:
             Type = null

ModelAndView:
        View name = null
             View = null
            Model = null

FlashMap:
       Attributes = null

MockHttpServletResponse:
           Status = 201
    Error message = null
          Headers = {Content-Type=[application/json;charset=UTF-8]}
     Content type = application/json;charset=UTF-8
             Body = {"id":7,"name":"Belt","category":"Accessories","availability":true,"retailPrice":null,"discountedPrice":null}
    Forwarded URL = null
   Redirected URL = null
          Cookies = []

MockHttpServletRequest:
      HTTP Method = POST
      Request URI = /products
       Parameters = {}
          Headers = {Content-Type=[application/json;charset=UTF-8]}
             Body = {"id": 8, "name": "Kaftan", "category": "Accessories", "retail_price": 237.0, "discounted_price": 215.67, "availability": true}
    Session Attrs = {}

Handler:
             Type = com.hackerrank.eshopping.product.dashboard.controller.ProductsController
           Method = public org.springframework.http.ResponseEntity<?> com.hackerrank.eshopping.product.dashboard.controller.ProductsController.createProduct(com.hackerrank.eshopping.product.dashboard.model.Product)

Async:
    Async started = false
     Async result = null

Resolved Exception:
             Type = null

ModelAndView:
        View name = null
             View = null
            Model = null

FlashMap:
       Attributes = null

MockHttpServletResponse:
           Status = 201
    Error message = null
          Headers = {Content-Type=[application/json;charset=UTF-8]}
     Content type = application/json;charset=UTF-8
             Body = {"id":8,"name":"Kaftan","category":"Accessories","availability":true,"retailPrice":null,"discountedPrice":null}
    Forwarded URL = null
   Redirected URL = null
          Cookies = []

MockHttpServletRequest:
      HTTP Method = POST
      Request URI = /products
       Parameters = {}
          Headers = {Content-Type=[application/json;charset=UTF-8]}
             Body = {"id": 9, "name": "Overalls", "category": "Full Body Outfits", "retail_price": 374.0, "discounted_price": 321.64, "availability": true}
    Session Attrs = {}

Handler:
             Type = com.hackerrank.eshopping.product.dashboard.controller.ProductsController
           Method = public org.springframework.http.ResponseEntity<?> com.hackerrank.eshopping.product.dashboard.controller.ProductsController.createProduct(com.hackerrank.eshopping.product.dashboard.model.Product)

Async:
    Async started = false
     Async result = null

Resolved Exception:
             Type = null

ModelAndView:
        View name = null
             View = null
            Model = null

FlashMap:
       Attributes = null

MockHttpServletResponse:
           Status = 201
    Error message = null
          Headers = {Content-Type=[application/json;charset=UTF-8]}
     Content type = application/json;charset=UTF-8
             Body = {"id":9,"name":"Overalls","category":"Full Body Outfits","availability":true,"retailPrice":null,"discountedPrice":null}
    Forwarded URL = null
   Redirected URL = null
          Cookies = []

MockHttpServletRequest:
      HTTP Method = POST
      Request URI = /products
       Parameters = {}
          Headers = {Content-Type=[application/json;charset=UTF-8]}
             Body = {"id": 10, "name": "Cufflinks", "category": "Accessories", "retail_price": 284.0, "discounted_price": 247.08, "availability": true}
    Session Attrs = {}

Handler:
             Type = com.hackerrank.eshopping.product.dashboard.controller.ProductsController
           Method = public org.springframework.http.ResponseEntity<?> com.hackerrank.eshopping.product.dashboard.controller.ProductsController.createProduct(com.hackerrank.eshopping.product.dashboard.model.Product)

Async:
    Async started = false
     Async result = null

Resolved Exception:
             Type = null

ModelAndView:
        View name = null
             View = null
            Model = null

FlashMap:
       Attributes = null

MockHttpServletResponse:
           Status = 201
    Error message = null
          Headers = {Content-Type=[application/json;charset=UTF-8]}
     Content type = application/json;charset=UTF-8
             Body = {"id":10,"name":"Cufflinks","category":"Accessories","availability":true,"retailPrice":null,"discountedPrice":null}
    Forwarded URL = null
   Redirected URL = null
          Cookies = []

MockHttpServletRequest:
      HTTP Method = POST
      Request URI = /products
       Parameters = {}
          Headers = {Content-Type=[application/json;charset=UTF-8]}
             Body = {"id": 11, "name": "Cargos", "category": "Bottoms", "retail_price": 498.0, "discounted_price": 428.28, "availability": true}
    Session Attrs = {}

Handler:
             Type = com.hackerrank.eshopping.product.dashboard.controller.ProductsController
           Method = public org.springframework.http.ResponseEntity<?> com.hackerrank.eshopping.product.dashboard.controller.ProductsController.createProduct(com.hackerrank.eshopping.product.dashboard.model.Product)

Async:
    Async started = false
     Async result = null

Resolved Exception:
             Type = null

ModelAndView:
        View name = null
             View = null
            Model = null

FlashMap:
       Attributes = null

MockHttpServletResponse:
           Status = 201
    Error message = null
          Headers = {Content-Type=[application/json;charset=UTF-8]}
     Content type = application/json;charset=UTF-8
             Body = {"id":11,"name":"Cargos","category":"Bottoms","availability":true,"retailPrice":null,"discountedPrice":null}
    Forwarded URL = null
   Redirected URL = null
          Cookies = []

MockHttpServletRequest:
      HTTP Method = POST
      Request URI = /products
       Parameters = {}
          Headers = {Content-Type=[application/json;charset=UTF-8]}
             Body = {"id": 12, "name": "Poncho", "category": "Accessories", "retail_price": 280.0, "discounted_price": 224.7, "availability": true}
    Session Attrs = {}

Handler:
             Type = com.hackerrank.eshopping.product.dashboard.controller.ProductsController
           Method = public org.springframework.http.ResponseEntity<?> com.hackerrank.eshopping.product.dashboard.controller.ProductsController.createProduct(com.hackerrank.eshopping.product.dashboard.model.Product)

Async:
    Async started = false
     Async result = null

Resolved Exception:
             Type = null

ModelAndView:
        View name = null
             View = null
            Model = null

FlashMap:
       Attributes = null

MockHttpServletResponse:
           Status = 201
    Error message = null
          Headers = {Content-Type=[application/json;charset=UTF-8]}
     Content type = application/json;charset=UTF-8
             Body = {"id":12,"name":"Poncho","category":"Accessories","availability":true,"retailPrice":null,"discountedPrice":null}
    Forwarded URL = null
   Redirected URL = null
          Cookies = []

MockHttpServletRequest:
      HTTP Method = POST
      Request URI = /products
       Parameters = {}
          Headers = {Content-Type=[application/json;charset=UTF-8]}
             Body = {"id": 13, "name": "Cummerbund", "category": "Accessories", "retail_price": 435.0, "discounted_price": 400.2, "availability": true}
    Session Attrs = {}

Handler:
             Type = com.hackerrank.eshopping.product.dashboard.controller.ProductsController
           Method = public org.springframework.http.ResponseEntity<?> com.hackerrank.eshopping.product.dashboard.controller.ProductsController.createProduct(com.hackerrank.eshopping.product.dashboard.model.Product)

Async:
    Async started = false
     Async result = null

Resolved Exception:
             Type = null

ModelAndView:
        View name = null
             View = null
            Model = null

FlashMap:
       Attributes = null

MockHttpServletResponse:
           Status = 201
    Error message = null
          Headers = {Content-Type=[application/json;charset=UTF-8]}
     Content type = application/json;charset=UTF-8
             Body = {"id":13,"name":"Cummerbund","category":"Accessories","availability":true,"retailPrice":null,"discountedPrice":null}
    Forwarded URL = null
   Redirected URL = null
          Cookies = []

MockHttpServletRequest:
      HTTP Method = POST
      Request URI = /products
       Parameters = {}
          Headers = {Content-Type=[application/json;charset=UTF-8]}
             Body = {"id": 14, "name": "Dress", "category": "Full Body Outfits", "retail_price": 175.0, "discounted_price": 140.0, "availability": true}
    Session Attrs = {}

Handler:
             Type = com.hackerrank.eshopping.product.dashboard.controller.ProductsController
           Method = public org.springframework.http.ResponseEntity<?> com.hackerrank.eshopping.product.dashboard.controller.ProductsController.createProduct(com.hackerrank.eshopping.product.dashboard.model.Product)

Async:
    Async started = false
     Async result = null

Resolved Exception:
             Type = null

ModelAndView:
        View name = null
             View = null
            Model = null

FlashMap:
       Attributes = null

MockHttpServletResponse:
           Status = 201
    Error message = null
          Headers = {Content-Type=[application/json;charset=UTF-8]}
     Content type = application/json;charset=UTF-8
             Body = {"id":14,"name":"Dress","category":"Full Body Outfits","availability":true,"retailPrice":null,"discountedPrice":null}
    Forwarded URL = null
   Redirected URL = null
          Cookies = []

MockHttpServletRequest:
      HTTP Method = POST
      Request URI = /products
       Parameters = {}
          Headers = {Content-Type=[application/json;charset=UTF-8]}
             Body = {"id": 15, "name": "Trainers", "category": "Footwear", "retail_price": 228.0, "discounted_price": 184.68, "availability": true}
    Session Attrs = {}

Handler:
             Type = com.hackerrank.eshopping.product.dashboard.controller.ProductsController
           Method = public org.springframework.http.ResponseEntity<?> com.hackerrank.eshopping.product.dashboard.controller.ProductsController.createProduct(com.hackerrank.eshopping.product.dashboard.model.Product)

Async:
    Async started = false
     Async result = null

Resolved Exception:
             Type = null

ModelAndView:
        View name = null
             View = null
            Model = null

FlashMap:
       Attributes = null

MockHttpServletResponse:
           Status = 201
    Error message = null
          Headers = {Content-Type=[application/json;charset=UTF-8]}
     Content type = application/json;charset=UTF-8
             Body = {"id":15,"name":"Trainers","category":"Footwear","availability":true,"retailPrice":null,"discountedPrice":null}
    Forwarded URL = null
   Redirected URL = null
          Cookies = []

MockHttpServletRequest:
      HTTP Method = POST
      Request URI = /products
       Parameters = {}
          Headers = {Content-Type=[application/json;charset=UTF-8]}
             Body = {"id": 16, "name": "Tracksuit", "category": "Full Body Outfits", "retail_price": 471.0, "discounted_price": 423.9, "availability": false}
    Session Attrs = {}

Handler:
             Type = com.hackerrank.eshopping.product.dashboard.controller.ProductsController
           Method = public org.springframework.http.ResponseEntity<?> com.hackerrank.eshopping.product.dashboard.controller.ProductsController.createProduct(com.hackerrank.eshopping.product.dashboard.model.Product)

Async:
    Async started = false
     Async result = null

Resolved Exception:
             Type = null

ModelAndView:
        View name = null
             View = null
            Model = null

FlashMap:
       Attributes = null

MockHttpServletResponse:
           Status = 201
    Error message = null
          Headers = {Content-Type=[application/json;charset=UTF-8]}
     Content type = application/json;charset=UTF-8
             Body = {"id":16,"name":"Tracksuit","category":"Full Body Outfits","availability":false,"retailPrice":null,"discountedPrice":null}
    Forwarded URL = null
   Redirected URL = null
          Cookies = []

MockHttpServletRequest:
      HTTP Method = POST
      Request URI = /products
       Parameters = {}
          Headers = {Content-Type=[application/json;charset=UTF-8]}
             Body = {"id": 17, "name": "Tailcoat", "category": "Full Body Outfits", "retail_price": 307.0, "discounted_price": 254.81, "availability": true}
    Session Attrs = {}

Handler:
             Type = com.hackerrank.eshopping.product.dashboard.controller.ProductsController
           Method = public org.springframework.http.ResponseEntity<?> com.hackerrank.eshopping.product.dashboard.controller.ProductsController.createProduct(com.hackerrank.eshopping.product.dashboard.model.Product)

Async:
    Async started = false
     Async result = null

Resolved Exception:
             Type = null

ModelAndView:
        View name = null
             View = null
            Model = null

FlashMap:
       Attributes = null

MockHttpServletResponse:
           Status = 201
    Error message = null
          Headers = {Content-Type=[application/json;charset=UTF-8]}
     Content type = application/json;charset=UTF-8
             Body = {"id":17,"name":"Tailcoat","category":"Full Body Outfits","availability":true,"retailPrice":null,"discountedPrice":null}
    Forwarded URL = null
   Redirected URL = null
          Cookies = []

MockHttpServletRequest:
      HTTP Method = POST
      Request URI = /products
       Parameters = {}
          Headers = {Content-Type=[application/json;charset=UTF-8]}
             Body = {"id": 18, "name": "Vest", "category": "Tops", "retail_price": 446.0, "discounted_price": 392.48, "availability": true}
    Session Attrs = {}

Handler:
             Type = com.hackerrank.eshopping.product.dashboard.controller.ProductsController
           Method = public org.springframework.http.ResponseEntity<?> com.hackerrank.eshopping.product.dashboard.controller.ProductsController.createProduct(com.hackerrank.eshopping.product.dashboard.model.Product)

Async:
    Async started = false
     Async result = null

Resolved Exception:
             Type = null

ModelAndView:
        View name = null
             View = null
            Model = null

FlashMap:
       Attributes = null

MockHttpServletResponse:
           Status = 201
    Error message = null
          Headers = {Content-Type=[application/json;charset=UTF-8]}
     Content type = application/json;charset=UTF-8
             Body = {"id":18,"name":"Vest","category":"Tops","availability":true,"retailPrice":null,"discountedPrice":null}
    Forwarded URL = null
   Redirected URL = null
          Cookies = []

MockHttpServletRequest:
      HTTP Method = POST
      Request URI = /products
       Parameters = {}
          Headers = {Content-Type=[application/json;charset=UTF-8]}
             Body = {"id": 19, "name": "Suit", "category": "Full Body Outfits", "retail_price": 158.0, "discounted_price": 135.88, "availability": true}
    Session Attrs = {}

Handler:
             Type = com.hackerrank.eshopping.product.dashboard.controller.ProductsController
           Method = public org.springframework.http.ResponseEntity<?> com.hackerrank.eshopping.product.dashboard.controller.ProductsController.createProduct(com.hackerrank.eshopping.product.dashboard.model.Product)

Async:
    Async started = false
     Async result = null

Resolved Exception:
             Type = null

ModelAndView:
        View name = null
             View = null
            Model = null

FlashMap:
       Attributes = null

MockHttpServletResponse:
           Status = 201
    Error message = null
          Headers = {Content-Type=[application/json;charset=UTF-8]}
     Content type = application/json;charset=UTF-8
             Body = {"id":19,"name":"Suit","category":"Full Body Outfits","availability":true,"retailPrice":null,"discountedPrice":null}
    Forwarded URL = null
   Redirected URL = null
          Cookies = []

MockHttpServletRequest:
      HTTP Method = POST
      Request URI = /products
       Parameters = {}
          Headers = {Content-Type=[application/json;charset=UTF-8]}
             Body = {"id": 20, "name": "Catsuit", "category": "Full Body Outfits", "retail_price": 158.0, "discounted_price": 135.88, "availability": true}
    Session Attrs = {}

Handler:
             Type = com.hackerrank.eshopping.product.dashboard.controller.ProductsController
           Method = public org.springframework.http.ResponseEntity<?> com.hackerrank.eshopping.product.dashboard.controller.ProductsController.createProduct(com.hackerrank.eshopping.product.dashboard.model.Product)

Async:
    Async started = false
     Async result = null

Resolved Exception:
             Type = null

ModelAndView:
        View name = null
             View = null
            Model = null

FlashMap:
       Attributes = null

MockHttpServletResponse:
           Status = 201
    Error message = null
          Headers = {Content-Type=[application/json;charset=UTF-8]}
     Content type = application/json;charset=UTF-8
             Body = {"id":20,"name":"Catsuit","category":"Full Body Outfits","availability":true,"retailPrice":null,"discountedPrice":null}
    Forwarded URL = null
   Redirected URL = null
          Cookies = []

MockHttpServletRequest:
      HTTP Method = POST
      Request URI = /products
       Parameters = {}
          Headers = {Content-Type=[application/json;charset=UTF-8]}
             Body = {"id": 21, "name": "Dungarees", "category": "Full Body Outfits", "retail_price": 437.0, "discounted_price": 362.71, "availability": false}
    Session Attrs = {}

Handler:
             Type = com.hackerrank.eshopping.product.dashboard.controller.ProductsController
           Method = public org.springframework.http.ResponseEntity<?> com.hackerrank.eshopping.product.dashboard.controller.ProductsController.createProduct(com.hackerrank.eshopping.product.dashboard.model.Product)

Async:
    Async started = false
     Async result = null

Resolved Exception:
             Type = null

ModelAndView:
        View name = null
             View = null
            Model = null

FlashMap:
       Attributes = null

MockHttpServletResponse:
           Status = 201
    Error message = null
          Headers = {Content-Type=[application/json;charset=UTF-8]}
     Content type = application/json;charset=UTF-8
             Body = {"id":21,"name":"Dungarees","category":"Full Body Outfits","availability":false,"retailPrice":null,"discountedPrice":null}
    Forwarded URL = null
   Redirected URL = null
          Cookies = []

MockHttpServletRequest:
      HTTP Method = POST
      Request URI = /products
       Parameters = {}
          Headers = {Content-Type=[application/json;charset=UTF-8]}
             Body = {"id": 1, "name": "Dressing Gown", "category": "Underwear", "retail_price": 303.0, "discounted_price": 251.49, "availability": true}
    Session Attrs = {}

Handler:
             Type = com.hackerrank.eshopping.product.dashboard.controller.ProductsController
           Method = public org.springframework.http.ResponseEntity<?> com.hackerrank.eshopping.product.dashboard.controller.ProductsController.createProduct(com.hackerrank.eshopping.product.dashboard.model.Product)

Async:
    Async started = false
     Async result = null

Resolved Exception:
             Type = null

ModelAndView:
        View name = null
             View = null
            Model = null

FlashMap:
       Attributes = null

MockHttpServletResponse:
           Status = 400
    Error message = null
          Headers = {Content-Type=[application/json;charset=UTF-8]}
     Content type = application/json;charset=UTF-8
             Body = {"errorMessage":"Unable to create. A Product with id 1 already exist."}
    Forwarded URL = null
   Redirected URL = null
          Cookies = []

MockHttpServletRequest:
      HTTP Method = PUT
      Request URI = /products/6
       Parameters = {}
          Headers = {Content-Type=[application/json;charset=UTF-8]}
             Body = {"retail_price": 325.45, "discounted_price": 260.36, "availability": true}
    Session Attrs = {}

Handler:
             Type = null

Async:
    Async started = false
     Async result = null

Resolved Exception:
             Type = org.springframework.web.HttpRequestMethodNotSupportedException

ModelAndView:
        View name = null
             View = null
            Model = null

FlashMap:
       Attributes = null

MockHttpServletResponse:
           Status = 405
    Error message = Request method 'PUT' not supported
          Headers = {Allow=[GET]}
     Content type = null
             Body = 
    Forwarded URL = null
   Redirected URL = null
          Cookies = []

MockHttpServletRequest:
      HTTP Method = PUT
      Request URI = /products/10
       Parameters = {}
          Headers = {Content-Type=[application/json;charset=UTF-8]}
             Body = {"retail_price": 284.0, "discounted_price": 227.2, "availability": true}
    Session Attrs = {}

Handler:
             Type = null

Async:
    Async started = false
     Async result = null

Resolved Exception:
             Type = org.springframework.web.HttpRequestMethodNotSupportedException

ModelAndView:
        View name = null
             View = null
            Model = null

FlashMap:
       Attributes = null

MockHttpServletResponse:
           Status = 405
    Error message = Request method 'PUT' not supported
          Headers = {Allow=[GET]}
     Content type = null
             Body = 
    Forwarded URL = null
   Redirected URL = null
          Cookies = []
]]></system-out>
  </testcase>
  <testcase name="updateProductAvailability" classname="com.hackerrank.eshopping.product.dashboard.controller.ProductsControllerTest" time="0.107">
    <failure message="Status expected:&lt;200&gt; but was:&lt;405&gt;" type="java.lang.AssertionError"><![CDATA[java.lang.AssertionError: Status expected:<200> but was:<405>
	at com.hackerrank.eshopping.product.dashboard.controller.ProductsControllerTest.updateProductAvailability(ProductsControllerTest.java:649)
]]></failure>
    <system-out><![CDATA[2020-01-19 20:14:49.885  WARN 39416 --- [           main] .w.s.m.s.DefaultHandlerExceptionResolver : Resolved [org.springframework.web.HttpRequestMethodNotSupportedException: Request method 'PUT' not supported]

MockHttpServletRequest:
      HTTP Method = POST
      Request URI = /products
       Parameters = {}
          Headers = {Content-Type=[application/json;charset=UTF-8]}
             Body = {"id": 1, "name": "Dressing Gown", "category": "Full Body Outfits", "retail_price": 303.0, "discounted_price": 251.49, "availability": true}
    Session Attrs = {}

Handler:
             Type = com.hackerrank.eshopping.product.dashboard.controller.ProductsController
           Method = public org.springframework.http.ResponseEntity<?> com.hackerrank.eshopping.product.dashboard.controller.ProductsController.createProduct(com.hackerrank.eshopping.product.dashboard.model.Product)

Async:
    Async started = false
     Async result = null

Resolved Exception:
             Type = null

ModelAndView:
        View name = null
             View = null
            Model = null

FlashMap:
       Attributes = null

MockHttpServletResponse:
           Status = 201
    Error message = null
          Headers = {Content-Type=[application/json;charset=UTF-8]}
     Content type = application/json;charset=UTF-8
             Body = {"id":1,"name":"Dressing Gown","category":"Full Body Outfits","availability":true,"retailPrice":null,"discountedPrice":null}
    Forwarded URL = null
   Redirected URL = null
          Cookies = []

MockHttpServletRequest:
      HTTP Method = POST
      Request URI = /products
       Parameters = {}
          Headers = {Content-Type=[application/json;charset=UTF-8]}
             Body = {"id": 2, "name": "Shoes", "category": "Footwear", "retail_price": 150.0, "discounted_price": 123.0, "availability": true}
    Session Attrs = {}

Handler:
             Type = com.hackerrank.eshopping.product.dashboard.controller.ProductsController
           Method = public org.springframework.http.ResponseEntity<?> com.hackerrank.eshopping.product.dashboard.controller.ProductsController.createProduct(com.hackerrank.eshopping.product.dashboard.model.Product)

Async:
    Async started = false
     Async result = null

Resolved Exception:
             Type = null

ModelAndView:
        View name = null
             View = null
            Model = null

FlashMap:
       Attributes = null

MockHttpServletResponse:
           Status = 201
    Error message = null
          Headers = {Content-Type=[application/json;charset=UTF-8]}
     Content type = application/json;charset=UTF-8
             Body = {"id":2,"name":"Shoes","category":"Footwear","availability":true,"retailPrice":null,"discountedPrice":null}
    Forwarded URL = null
   Redirected URL = null
          Cookies = []

MockHttpServletRequest:
      HTTP Method = POST
      Request URI = /products
       Parameters = {}
          Headers = {Content-Type=[application/json;charset=UTF-8]}
             Body = {"id": 3, "name": "Nightgown", "category": "Full Body Outfits", "retail_price": 307.0, "discounted_price": 254.81, "availability": true}
    Session Attrs = {}

Handler:
             Type = com.hackerrank.eshopping.product.dashboard.controller.ProductsController
           Method = public org.springframework.http.ResponseEntity<?> com.hackerrank.eshopping.product.dashboard.controller.ProductsController.createProduct(com.hackerrank.eshopping.product.dashboard.model.Product)

Async:
    Async started = false
     Async result = null

Resolved Exception:
             Type = null

ModelAndView:
        View name = null
             View = null
            Model = null

FlashMap:
       Attributes = null

MockHttpServletResponse:
           Status = 201
    Error message = null
          Headers = {Content-Type=[application/json;charset=UTF-8]}
     Content type = application/json;charset=UTF-8
             Body = {"id":3,"name":"Nightgown","category":"Full Body Outfits","availability":true,"retailPrice":null,"discountedPrice":null}
    Forwarded URL = null
   Redirected URL = null
          Cookies = []

MockHttpServletRequest:
      HTTP Method = POST
      Request URI = /products
       Parameters = {}
          Headers = {Content-Type=[application/json;charset=UTF-8]}
             Body = {"id": 4, "name": "Boots", "category": "Footwear", "retail_price": 162.0, "discounted_price": 132.84, "availability": true}
    Session Attrs = {}

Handler:
             Type = com.hackerrank.eshopping.product.dashboard.controller.ProductsController
           Method = public org.springframework.http.ResponseEntity<?> com.hackerrank.eshopping.product.dashboard.controller.ProductsController.createProduct(com.hackerrank.eshopping.product.dashboard.model.Product)

Async:
    Async started = false
     Async result = null

Resolved Exception:
             Type = null

ModelAndView:
        View name = null
             View = null
            Model = null

FlashMap:
       Attributes = null

MockHttpServletResponse:
           Status = 201
    Error message = null
          Headers = {Content-Type=[application/json;charset=UTF-8]}
     Content type = application/json;charset=UTF-8
             Body = {"id":4,"name":"Boots","category":"Footwear","availability":true,"retailPrice":null,"discountedPrice":null}
    Forwarded URL = null
   Redirected URL = null
          Cookies = []

MockHttpServletRequest:
      HTTP Method = POST
      Request URI = /products
       Parameters = {}
          Headers = {Content-Type=[application/json;charset=UTF-8]}
             Body = {"id": 5, "name": "Ball Gown", "category": "Full Body Outfits", "retail_price": 337.0, "discounted_price": 272.97, "availability": true}
    Session Attrs = {}

Handler:
             Type = com.hackerrank.eshopping.product.dashboard.controller.ProductsController
           Method = public org.springframework.http.ResponseEntity<?> com.hackerrank.eshopping.product.dashboard.controller.ProductsController.createProduct(com.hackerrank.eshopping.product.dashboard.model.Product)

Async:
    Async started = false
     Async result = null

Resolved Exception:
             Type = null

ModelAndView:
        View name = null
             View = null
            Model = null

FlashMap:
       Attributes = null

MockHttpServletResponse:
           Status = 201
    Error message = null
          Headers = {Content-Type=[application/json;charset=UTF-8]}
     Content type = application/json;charset=UTF-8
             Body = {"id":5,"name":"Ball Gown","category":"Full Body Outfits","availability":true,"retailPrice":null,"discountedPrice":null}
    Forwarded URL = null
   Redirected URL = null
          Cookies = []

MockHttpServletRequest:
      HTTP Method = POST
      Request URI = /products
       Parameters = {}
          Headers = {Content-Type=[application/json;charset=UTF-8]}
             Body = {"id": 6, "name": "Shawl", "category": "Accessories", "retail_price": 283.0, "discounted_price": 260.36, "availability": true}
    Session Attrs = {}

Handler:
             Type = com.hackerrank.eshopping.product.dashboard.controller.ProductsController
           Method = public org.springframework.http.ResponseEntity<?> com.hackerrank.eshopping.product.dashboard.controller.ProductsController.createProduct(com.hackerrank.eshopping.product.dashboard.model.Product)

Async:
    Async started = false
     Async result = null

Resolved Exception:
             Type = null

ModelAndView:
        View name = null
             View = null
            Model = null

FlashMap:
       Attributes = null

MockHttpServletResponse:
           Status = 201
    Error message = null
          Headers = {Content-Type=[application/json;charset=UTF-8]}
     Content type = application/json;charset=UTF-8
             Body = {"id":6,"name":"Shawl","category":"Accessories","availability":true,"retailPrice":null,"discountedPrice":null}
    Forwarded URL = null
   Redirected URL = null
          Cookies = []

MockHttpServletRequest:
      HTTP Method = POST
      Request URI = /products
       Parameters = {}
          Headers = {Content-Type=[application/json;charset=UTF-8]}
             Body = {"id": 7, "name": "Belt", "category": "Accessories", "retail_price": 471.0, "discounted_price": 419.19, "availability": true}
    Session Attrs = {}

Handler:
             Type = com.hackerrank.eshopping.product.dashboard.controller.ProductsController
           Method = public org.springframework.http.ResponseEntity<?> com.hackerrank.eshopping.product.dashboard.controller.ProductsController.createProduct(com.hackerrank.eshopping.product.dashboard.model.Product)

Async:
    Async started = false
     Async result = null

Resolved Exception:
             Type = null

ModelAndView:
        View name = null
             View = null
            Model = null

FlashMap:
       Attributes = null

MockHttpServletResponse:
           Status = 201
    Error message = null
          Headers = {Content-Type=[application/json;charset=UTF-8]}
     Content type = application/json;charset=UTF-8
             Body = {"id":7,"name":"Belt","category":"Accessories","availability":true,"retailPrice":null,"discountedPrice":null}
    Forwarded URL = null
   Redirected URL = null
          Cookies = []

MockHttpServletRequest:
      HTTP Method = POST
      Request URI = /products
       Parameters = {}
          Headers = {Content-Type=[application/json;charset=UTF-8]}
             Body = {"id": 8, "name": "Kaftan", "category": "Accessories", "retail_price": 237.0, "discounted_price": 215.67, "availability": true}
    Session Attrs = {}

Handler:
             Type = com.hackerrank.eshopping.product.dashboard.controller.ProductsController
           Method = public org.springframework.http.ResponseEntity<?> com.hackerrank.eshopping.product.dashboard.controller.ProductsController.createProduct(com.hackerrank.eshopping.product.dashboard.model.Product)

Async:
    Async started = false
     Async result = null

Resolved Exception:
             Type = null

ModelAndView:
        View name = null
             View = null
            Model = null

FlashMap:
       Attributes = null

MockHttpServletResponse:
           Status = 201
    Error message = null
          Headers = {Content-Type=[application/json;charset=UTF-8]}
     Content type = application/json;charset=UTF-8
             Body = {"id":8,"name":"Kaftan","category":"Accessories","availability":true,"retailPrice":null,"discountedPrice":null}
    Forwarded URL = null
   Redirected URL = null
          Cookies = []

MockHttpServletRequest:
      HTTP Method = POST
      Request URI = /products
       Parameters = {}
          Headers = {Content-Type=[application/json;charset=UTF-8]}
             Body = {"id": 9, "name": "Overalls", "category": "Full Body Outfits", "retail_price": 374.0, "discounted_price": 321.64, "availability": true}
    Session Attrs = {}

Handler:
             Type = com.hackerrank.eshopping.product.dashboard.controller.ProductsController
           Method = public org.springframework.http.ResponseEntity<?> com.hackerrank.eshopping.product.dashboard.controller.ProductsController.createProduct(com.hackerrank.eshopping.product.dashboard.model.Product)

Async:
    Async started = false
     Async result = null

Resolved Exception:
             Type = null

ModelAndView:
        View name = null
             View = null
            Model = null

FlashMap:
       Attributes = null

MockHttpServletResponse:
           Status = 201
    Error message = null
          Headers = {Content-Type=[application/json;charset=UTF-8]}
     Content type = application/json;charset=UTF-8
             Body = {"id":9,"name":"Overalls","category":"Full Body Outfits","availability":true,"retailPrice":null,"discountedPrice":null}
    Forwarded URL = null
   Redirected URL = null
          Cookies = []

MockHttpServletRequest:
      HTTP Method = POST
      Request URI = /products
       Parameters = {}
          Headers = {Content-Type=[application/json;charset=UTF-8]}
             Body = {"id": 10, "name": "Cufflinks", "category": "Accessories", "retail_price": 284.0, "discounted_price": 247.08, "availability": true}
    Session Attrs = {}

Handler:
             Type = com.hackerrank.eshopping.product.dashboard.controller.ProductsController
           Method = public org.springframework.http.ResponseEntity<?> com.hackerrank.eshopping.product.dashboard.controller.ProductsController.createProduct(com.hackerrank.eshopping.product.dashboard.model.Product)

Async:
    Async started = false
     Async result = null

Resolved Exception:
             Type = null

ModelAndView:
        View name = null
             View = null
            Model = null

FlashMap:
       Attributes = null

MockHttpServletResponse:
           Status = 201
    Error message = null
          Headers = {Content-Type=[application/json;charset=UTF-8]}
     Content type = application/json;charset=UTF-8
             Body = {"id":10,"name":"Cufflinks","category":"Accessories","availability":true,"retailPrice":null,"discountedPrice":null}
    Forwarded URL = null
   Redirected URL = null
          Cookies = []

MockHttpServletRequest:
      HTTP Method = POST
      Request URI = /products
       Parameters = {}
          Headers = {Content-Type=[application/json;charset=UTF-8]}
             Body = {"id": 11, "name": "Cargos", "category": "Bottoms", "retail_price": 498.0, "discounted_price": 428.28, "availability": true}
    Session Attrs = {}

Handler:
             Type = com.hackerrank.eshopping.product.dashboard.controller.ProductsController
           Method = public org.springframework.http.ResponseEntity<?> com.hackerrank.eshopping.product.dashboard.controller.ProductsController.createProduct(com.hackerrank.eshopping.product.dashboard.model.Product)

Async:
    Async started = false
     Async result = null

Resolved Exception:
             Type = null

ModelAndView:
        View name = null
             View = null
            Model = null

FlashMap:
       Attributes = null

MockHttpServletResponse:
           Status = 201
    Error message = null
          Headers = {Content-Type=[application/json;charset=UTF-8]}
     Content type = application/json;charset=UTF-8
             Body = {"id":11,"name":"Cargos","category":"Bottoms","availability":true,"retailPrice":null,"discountedPrice":null}
    Forwarded URL = null
   Redirected URL = null
          Cookies = []

MockHttpServletRequest:
      HTTP Method = POST
      Request URI = /products
       Parameters = {}
          Headers = {Content-Type=[application/json;charset=UTF-8]}
             Body = {"id": 12, "name": "Poncho", "category": "Accessories", "retail_price": 280.0, "discounted_price": 224.7, "availability": true}
    Session Attrs = {}

Handler:
             Type = com.hackerrank.eshopping.product.dashboard.controller.ProductsController
           Method = public org.springframework.http.ResponseEntity<?> com.hackerrank.eshopping.product.dashboard.controller.ProductsController.createProduct(com.hackerrank.eshopping.product.dashboard.model.Product)

Async:
    Async started = false
     Async result = null

Resolved Exception:
             Type = null

ModelAndView:
        View name = null
             View = null
            Model = null

FlashMap:
       Attributes = null

MockHttpServletResponse:
           Status = 201
    Error message = null
          Headers = {Content-Type=[application/json;charset=UTF-8]}
     Content type = application/json;charset=UTF-8
             Body = {"id":12,"name":"Poncho","category":"Accessories","availability":true,"retailPrice":null,"discountedPrice":null}
    Forwarded URL = null
   Redirected URL = null
          Cookies = []

MockHttpServletRequest:
      HTTP Method = POST
      Request URI = /products
       Parameters = {}
          Headers = {Content-Type=[application/json;charset=UTF-8]}
             Body = {"id": 13, "name": "Cummerbund", "category": "Accessories", "retail_price": 435.0, "discounted_price": 400.2, "availability": true}
    Session Attrs = {}

Handler:
             Type = com.hackerrank.eshopping.product.dashboard.controller.ProductsController
           Method = public org.springframework.http.ResponseEntity<?> com.hackerrank.eshopping.product.dashboard.controller.ProductsController.createProduct(com.hackerrank.eshopping.product.dashboard.model.Product)

Async:
    Async started = false
     Async result = null

Resolved Exception:
             Type = null

ModelAndView:
        View name = null
             View = null
            Model = null

FlashMap:
       Attributes = null

MockHttpServletResponse:
           Status = 201
    Error message = null
          Headers = {Content-Type=[application/json;charset=UTF-8]}
     Content type = application/json;charset=UTF-8
             Body = {"id":13,"name":"Cummerbund","category":"Accessories","availability":true,"retailPrice":null,"discountedPrice":null}
    Forwarded URL = null
   Redirected URL = null
          Cookies = []

MockHttpServletRequest:
      HTTP Method = POST
      Request URI = /products
       Parameters = {}
          Headers = {Content-Type=[application/json;charset=UTF-8]}
             Body = {"id": 14, "name": "Dress", "category": "Full Body Outfits", "retail_price": 175.0, "discounted_price": 140.0, "availability": true}
    Session Attrs = {}

Handler:
             Type = com.hackerrank.eshopping.product.dashboard.controller.ProductsController
           Method = public org.springframework.http.ResponseEntity<?> com.hackerrank.eshopping.product.dashboard.controller.ProductsController.createProduct(com.hackerrank.eshopping.product.dashboard.model.Product)

[...]
             Type = org.springframework.web.HttpRequestMethodNotSupportedException

ModelAndView:
        View name = null
             View = null
            Model = null

FlashMap:
       Attributes = null

MockHttpServletResponse:
           Status = 405
    Error message = Request method 'PUT' not supported
          Headers = {Allow=[GET]}
     Content type = null
             Body = 
    Forwarded URL = null
   Redirected URL = null
          Cookies = []

MockHttpServletRequest:
      HTTP Method = GET
      Request URI = /products/2
       Parameters = {}
          Headers = {}
             Body = null
    Session Attrs = {}

Handler:
             Type = com.hackerrank.eshopping.product.dashboard.controller.ProductsController
           Method = public org.springframework.http.ResponseEntity<?> com.hackerrank.eshopping.product.dashboard.controller.ProductsController.getProduct(long)

Async:
    Async started = false
     Async result = null

Resolved Exception:
             Type = null

ModelAndView:
        View name = null
             View = null
            Model = null

FlashMap:
       Attributes = null

MockHttpServletResponse:
           Status = 200
    Error message = null
          Headers = {Content-Type=[application/json;charset=UTF-8]}
     Content type = application/json;charset=UTF-8
             Body = {"id":2,"name":"Shoes","category":"Footwear","availability":true,"retailPrice":null,"discountedPrice":null}
    Forwarded URL = null
   Redirected URL = null
          Cookies = []

MockHttpServletRequest:
      HTTP Method = GET
      Request URI = /products/25
       Parameters = {}
          Headers = {}
             Body = null
    Session Attrs = {}

Handler:
             Type = com.hackerrank.eshopping.product.dashboard.controller.ProductsController
           Method = public org.springframework.http.ResponseEntity<?> com.hackerrank.eshopping.product.dashboard.controller.ProductsController.getProduct(long)

Async:
    Async started = false
     Async result = null

Resolved Exception:
             Type = null

ModelAndView:
        View name = null
             View = null
            Model = null

FlashMap:
       Attributes = null

MockHttpServletResponse:
           Status = 404
    Error message = null
          Headers = {Content-Type=[application/json;charset=UTF-8]}
     Content type = application/json;charset=UTF-8
             Body = {"errorMessage":"Product with id 25 not found"}
    Forwarded URL = null
   Redirected URL = null
          Cookies = []

MockHttpServletRequest:
      HTTP Method = GET
      Request URI = /products
       Parameters = {category=[Accessories]}
          Headers = {}
             Body = null
    Session Attrs = {}

Handler:
             Type = com.hackerrank.eshopping.product.dashboard.controller.ProductsController
           Method = public org.springframework.http.ResponseEntity<java.util.List<com.hackerrank.eshopping.product.dashboard.model.Product>> com.hackerrank.eshopping.product.dashboard.controller.ProductsController.listAllProducts()

Async:
    Async started = false
     Async result = null

Resolved Exception:
             Type = null

ModelAndView:
        View name = null
             View = null
            Model = null

FlashMap:
       Attributes = null

MockHttpServletResponse:
           Status = 200
    Error message = null
          Headers = {Content-Type=[application/json;charset=UTF-8]}
     Content type = application/json;charset=UTF-8
             Body = [{"id":1,"name":"Dressing Gown","category":"Full Body Outfits","availability":true,"retailPrice":null,"discountedPrice":null},{"id":2,"name":"Shoes","category":"Footwear","availability":true,"retailPrice":null,"discountedPrice":null},{"id":3,"name":"Nightgown","category":"Full Body Outfits","availability":true,"retailPrice":null,"discountedPrice":null},{"id":4,"name":"Boots","category":"Footwear","availability":true,"retailPrice":null,"discountedPrice":null},{"id":5,"name":"Ball Gown","category":"Full Body Outfits","availability":true,"retailPrice":null,"discountedPrice":null},{"id":6,"name":"Shawl","category":"Accessories","availability":true,"retailPrice":null,"discountedPrice":null},{"id":7,"name":"Belt","category":"Accessories","availability":true,"retailPrice":null,"discountedPrice":null},{"id":8,"name":"Kaftan","category":"Accessories","availability":true,"retailPrice":null,"discountedPrice":null},{"id":9,"name":"Overalls","category":"Full Body Outfits","availability":true,"retailPrice":null,"discountedPrice":null},{"id":10,"name":"Cufflinks","category":"Accessories","availability":true,"retailPrice":null,"discountedPrice":null},{"id":11,"name":"Cargos","category":"Bottoms","availability":true,"retailPrice":null,"discountedPrice":null},{"id":12,"name":"Poncho","category":"Accessories","availability":true,"retailPrice":null,"discountedPrice":null},{"id":13,"name":"Cummerbund","category":"Accessories","availability":true,"retailPrice":null,"discountedPrice":null},{"id":14,"name":"Dress","category":"Full Body Outfits","availability":true,"retailPrice":null,"discountedPrice":null},{"id":15,"name":"Trainers","category":"Footwear","availability":true,"retailPrice":null,"discountedPrice":null},{"id":16,"name":"Tracksuit","category":"Full Body Outfits","availability":false,"retailPrice":null,"discountedPrice":null},{"id":17,"name":"Tailcoat","category":"Full Body Outfits","availability":true,"retailPrice":null,"discountedPrice":null},{"id":18,"name":"Vest","category":"Tops","availability":true,"retailPrice":null,"discountedPrice":null},{"id":19,"name":"Suit","category":"Full Body Outfits","availability":true,"retailPrice":null,"discountedPrice":null},{"id":20,"name":"Catsuit","category":"Full Body Outfits","availability":true,"retailPrice":null,"discountedPrice":null},{"id":21,"name":"Dungarees","category":"Full Body Outfits","availability":false,"retailPrice":null,"discountedPrice":null}]
    Forwarded URL = null
   Redirected URL = null
          Cookies = []

MockHttpServletRequest:
      HTTP Method = GET
      Request URI = /products
       Parameters = {category=[Swimwear]}
          Headers = {}
             Body = null
    Session Attrs = {}

Handler:
             Type = com.hackerrank.eshopping.product.dashboard.controller.ProductsController
           Method = public org.springframework.http.ResponseEntity<java.util.List<com.hackerrank.eshopping.product.dashboard.model.Product>> com.hackerrank.eshopping.product.dashboard.controller.ProductsController.listAllProducts()

Async:
    Async started = false
     Async result = null

Resolved Exception:
             Type = null

ModelAndView:
        View name = null
             View = null
            Model = null

FlashMap:
       Attributes = null

MockHttpServletResponse:
           Status = 200
    Error message = null
          Headers = {Content-Type=[application/json;charset=UTF-8]}
     Content type = application/json;charset=UTF-8
             Body = [{"id":1,"name":"Dressing Gown","category":"Full Body Outfits","availability":true,"retailPrice":null,"discountedPrice":null},{"id":2,"name":"Shoes","category":"Footwear","availability":true,"retailPrice":null,"discountedPrice":null},{"id":3,"name":"Nightgown","category":"Full Body Outfits","availability":true,"retailPrice":null,"discountedPrice":null},{"id":4,"name":"Boots","category":"Footwear","availability":true,"retailPrice":null,"discountedPrice":null},{"id":5,"name":"Ball Gown","category":"Full Body Outfits","availability":true,"retailPrice":null,"discountedPrice":null},{"id":6,"name":"Shawl","category":"Accessories","availability":true,"retailPrice":null,"discountedPrice":null},{"id":7,"name":"Belt","category":"Accessories","availability":true,"retailPrice":null,"discountedPrice":null},{"id":8,"name":"Kaftan","category":"Accessories","availability":true,"retailPrice":null,"discountedPrice":null},{"id":9,"name":"Overalls","category":"Full Body Outfits","availability":true,"retailPrice":null,"discountedPrice":null},{"id":10,"name":"Cufflinks","category":"Accessories","availability":true,"retailPrice":null,"discountedPrice":null},{"id":11,"name":"Cargos","category":"Bottoms","availability":true,"retailPrice":null,"discountedPrice":null},{"id":12,"name":"Poncho","category":"Accessories","availability":true,"retailPrice":null,"discountedPrice":null},{"id":13,"name":"Cummerbund","category":"Accessories","availability":true,"retailPrice":null,"discountedPrice":null},{"id":14,"name":"Dress","category":"Full Body Outfits","availability":true,"retailPrice":null,"discountedPrice":null},{"id":15,"name":"Trainers","category":"Footwear","availability":true,"retailPrice":null,"discountedPrice":null},{"id":16,"name":"Tracksuit","category":"Full Body Outfits","availability":false,"retailPrice":null,"discountedPrice":null},{"id":17,"name":"Tailcoat","category":"Full Body Outfits","availability":true,"retailPrice":null,"discountedPrice":null},{"id":18,"name":"Vest","category":"Tops","availability":true,"retailPrice":null,"discountedPrice":null},{"id":19,"name":"Suit","category":"Full Body Outfits","availability":true,"retailPrice":null,"discountedPrice":null},{"id":20,"name":"Catsuit","category":"Full Body Outfits","availability":true,"retailPrice":null,"discountedPrice":null},{"id":21,"name":"Dungarees","category":"Full Body Outfits","availability":false,"retailPrice":null,"discountedPrice":null}]
    Forwarded URL = null
   Redirected URL = null
          Cookies = []

MockHttpServletRequest:
      HTTP Method = GET
      Request URI = /products
       Parameters = {category=[Full%20Body%20Outfits], availability=[1]}
          Headers = {}
             Body = null
    Session Attrs = {}

Handler:
             Type = com.hackerrank.eshopping.product.dashboard.controller.ProductsController
           Method = public org.springframework.http.ResponseEntity<java.util.List<com.hackerrank.eshopping.product.dashboard.model.Product>> com.hackerrank.eshopping.product.dashboard.controller.ProductsController.listAllProducts()

Async:
    Async started = false
     Async result = null

Resolved Exception:
             Type = null

ModelAndView:
        View name = null
             View = null
            Model = null

FlashMap:
       Attributes = null

MockHttpServletResponse:
           Status = 200
    Error message = null
          Headers = {Content-Type=[application/json;charset=UTF-8]}
     Content type = application/json;charset=UTF-8
             Body = [{"id":1,"name":"Dressing Gown","category":"Full Body Outfits","availability":true,"retailPrice":null,"discountedPrice":null},{"id":2,"name":"Shoes","category":"Footwear","availability":true,"retailPrice":null,"discountedPrice":null},{"id":3,"name":"Nightgown","category":"Full Body Outfits","availability":true,"retailPrice":null,"discountedPrice":null},{"id":4,"name":"Boots","category":"Footwear","availability":true,"retailPrice":null,"discountedPrice":null},{"id":5,"name":"Ball Gown","category":"Full Body Outfits","availability":true,"retailPrice":null,"discountedPrice":null},{"id":6,"name":"Shawl","category":"Accessories","availability":true,"retailPrice":null,"discountedPrice":null},{"id":7,"name":"Belt","category":"Accessories","availability":true,"retailPrice":null,"discountedPrice":null},{"id":8,"name":"Kaftan","category":"Accessories","availability":true,"retailPrice":null,"discountedPrice":null},{"id":9,"name":"Overalls","category":"Full Body Outfits","availability":true,"retailPrice":null,"discountedPrice":null},{"id":10,"name":"Cufflinks","category":"Accessories","availability":true,"retailPrice":null,"discountedPrice":null},{"id":11,"name":"Cargos","category":"Bottoms","availability":true,"retailPrice":null,"discountedPrice":null},{"id":12,"name":"Poncho","category":"Accessories","availability":true,"retailPrice":null,"discountedPrice":null},{"id":13,"name":"Cummerbund","category":"Accessories","availability":true,"retailPrice":null,"discountedPrice":null},{"id":14,"name":"Dress","category":"Full Body Outfits","availability":true,"retailPrice":null,"discountedPrice":null},{"id":15,"name":"Trainers","category":"Footwear","availability":true,"retailPrice":null,"discountedPrice":null},{"id":16,"name":"Tracksuit","category":"Full Body Outfits","availability":false,"retailPrice":null,"discountedPrice":null},{"id":17,"name":"Tailcoat","category":"Full Body Outfits","availability":true,"retailPrice":null,"discountedPrice":null},{"id":18,"name":"Vest","category":"Tops","availability":true,"retailPrice":null,"discountedPrice":null},{"id":19,"name":"Suit","category":"Full Body Outfits","availability":true,"retailPrice":null,"discountedPrice":null},{"id":20,"name":"Catsuit","category":"Full Body Outfits","availability":true,"retailPrice":null,"discountedPrice":null},{"id":21,"name":"Dungarees","category":"Full Body Outfits","availability":false,"retailPrice":null,"discountedPrice":null}]
    Forwarded URL = null
   Redirected URL = null
          Cookies = []

MockHttpServletRequest:
      HTTP Method = GET
      Request URI = /products
       Parameters = {category=[Swimwear], availability=[1]}
          Headers = {}
             Body = null
    Session Attrs = {}

Handler:
             Type = com.hackerrank.eshopping.product.dashboard.controller.ProductsController
           Method = public org.springframework.http.ResponseEntity<java.util.List<com.hackerrank.eshopping.product.dashboard.model.Product>> com.hackerrank.eshopping.product.dashboard.controller.ProductsController.listAllProducts()

Async:
    Async started = false
     Async result = null

Resolved Exception:
             Type = null

ModelAndView:
        View name = null
             View = null
            Model = null

FlashMap:
       Attributes = null

MockHttpServletResponse:
           Status = 200
    Error message = null
          Headers = {Content-Type=[application/json;charset=UTF-8]}
     Content type = application/json;charset=UTF-8
             Body = [{"id":1,"name":"Dressing Gown","category":"Full Body Outfits","availability":true,"retailPrice":null,"discountedPrice":null},{"id":2,"name":"Shoes","category":"Footwear","availability":true,"retailPrice":null,"discountedPrice":null},{"id":3,"name":"Nightgown","category":"Full Body Outfits","availability":true,"retailPrice":null,"discountedPrice":null},{"id":4,"name":"Boots","category":"Footwear","availability":true,"retailPrice":null,"discountedPrice":null},{"id":5,"name":"Ball Gown","category":"Full Body Outfits","availability":true,"retailPrice":null,"discountedPrice":null},{"id":6,"name":"Shawl","category":"Accessories","availability":true,"retailPrice":null,"discountedPrice":null},{"id":7,"name":"Belt","category":"Accessories","availability":true,"retailPrice":null,"discountedPrice":null},{"id":8,"name":"Kaftan","category":"Accessories","availability":true,"retailPrice":null,"discountedPrice":null},{"id":9,"name":"Overalls","category":"Full Body Outfits","availability":true,"retailPrice":null,"discountedPrice":null},{"id":10,"name":"Cufflinks","category":"Accessories","availability":true,"retailPrice":null,"discountedPrice":null},{"id":11,"name":"Cargos","category":"Bottoms","availability":true,"retailPrice":null,"discountedPrice":null},{"id":12,"name":"Poncho","category":"Accessories","availability":true,"retailPrice":null,"discountedPrice":null},{"id":13,"name":"Cummerbund","category":"Accessories","availability":true,"retailPrice":null,"discountedPrice":null},{"id":14,"name":"Dress","category":"Full Body Outfits","availability":true,"retailPrice":null,"discountedPrice":null},{"id":15,"name":"Trainers","category":"Footwear","availability":true,"retailPrice":null,"discountedPrice":null},{"id":16,"name":"Tracksuit","category":"Full Body Outfits","availability":false,"retailPrice":null,"discountedPrice":null},{"id":17,"name":"Tailcoat","category":"Full Body Outfits","availability":true,"retailPrice":null,"discountedPrice":null},{"id":18,"name":"Vest","category":"Tops","availability":true,"retailPrice":null,"discountedPrice":null},{"id":19,"name":"Suit","category":"Full Body Outfits","availability":true,"retailPrice":null,"discountedPrice":null},{"id":20,"name":"Catsuit","category":"Full Body Outfits","availability":true,"retailPrice":null,"discountedPrice":null},{"id":21,"name":"Dungarees","category":"Full Body Outfits","availability":false,"retailPrice":null,"discountedPrice":null}]
    Forwarded URL = null
   Redirected URL = null
          Cookies = []

MockHttpServletRequest:
      HTTP Method = GET
      Request URI = /products
       Parameters = {}
          Headers = {}
             Body = null
    Session Attrs = {}

Handler:
             Type = com.hackerrank.eshopping.product.dashboard.controller.ProductsController
           Method = public org.springframework.http.ResponseEntity<java.util.List<com.hackerrank.eshopping.product.dashboard.model.Product>> com.hackerrank.eshopping.product.dashboard.controller.ProductsController.listAllProducts()

Async:
    Async started = false
     Async result = null

Resolved Exception:
             Type = null

ModelAndView:
        View name = null
             View = null
            Model = null

FlashMap:
       Attributes = null

MockHttpServletResponse:
           Status = 200
    Error message = null
          Headers = {Content-Type=[application/json;charset=UTF-8]}
     Content type = application/json;charset=UTF-8
             Body = [{"id":1,"name":"Dressing Gown","category":"Full Body Outfits","availability":true,"retailPrice":null,"discountedPrice":null},{"id":2,"name":"Shoes","category":"Footwear","availability":true,"retailPrice":null,"discountedPrice":null},{"id":3,"name":"Nightgown","category":"Full Body Outfits","availability":true,"retailPrice":null,"discountedPrice":null},{"id":4,"name":"Boots","category":"Footwear","availability":true,"retailPrice":null,"discountedPrice":null},{"id":5,"name":"Ball Gown","category":"Full Body Outfits","availability":true,"retailPrice":null,"discountedPrice":null},{"id":6,"name":"Shawl","category":"Accessories","availability":true,"retailPrice":null,"discountedPrice":null},{"id":7,"name":"Belt","category":"Accessories","availability":true,"retailPrice":null,"discountedPrice":null},{"id":8,"name":"Kaftan","category":"Accessories","availability":true,"retailPrice":null,"discountedPrice":null},{"id":9,"name":"Overalls","category":"Full Body Outfits","availability":true,"retailPrice":null,"discountedPrice":null},{"id":10,"name":"Cufflinks","category":"Accessories","availability":true,"retailPrice":null,"discountedPrice":null},{"id":11,"name":"Cargos","category":"Bottoms","availability":true,"retailPrice":null,"discountedPrice":null},{"id":12,"name":"Poncho","category":"Accessories","availability":true,"retailPrice":null,"discountedPrice":null},{"id":13,"name":"Cummerbund","category":"Accessories","availability":true,"retailPrice":null,"discountedPrice":null},{"id":14,"name":"Dress","category":"Full Body Outfits","availability":true,"retailPrice":null,"discountedPrice":null},{"id":15,"name":"Trainers","category":"Footwear","availability":true,"retailPrice":null,"discountedPrice":null},{"id":16,"name":"Tracksuit","category":"Full Body Outfits","availability":false,"retailPrice":null,"discountedPrice":null},{"id":17,"name":"Tailcoat","category":"Full Body Outfits","availability":true,"retailPrice":null,"discountedPrice":null},{"id":18,"name":"Vest","category":"Tops","availability":true,"retailPrice":null,"discountedPrice":null},{"id":19,"name":"Suit","category":"Full Body Outfits","availability":true,"retailPrice":null,"discountedPrice":null},{"id":20,"name":"Catsuit","category":"Full Body Outfits","availability":true,"retailPrice":null,"discountedPrice":null},{"id":21,"name":"Dungarees","category":"Full Body Outfits","availability":false,"retailPrice":null,"discountedPrice":null}]
    Forwarded URL = null
   Redirected URL = null
          Cookies = []
]]></system-out>
  </testcase>
</testsuite>